2021-11-28 15:50:49,861  INFO [main] Hooks:38 - ****LAUNCH BROWSER****
2021-11-28 15:50:49,867  INFO [main] Hooks:39 - ------------------------------------------------------------
2021-11-28 15:50:49,867  INFO [main] Hooks:40 - To Create User
2021-11-28 15:50:49,868  INFO [main] Hooks:41 - ------------------------------------------------------------
2021-11-28 15:50:49,970  INFO [main] Hooks:38 - ****LAUNCH BROWSER****
2021-11-28 15:50:49,970  INFO [main] Hooks:39 - ------------------------------------------------------------
2021-11-28 15:50:49,970  INFO [main] Hooks:40 - To Approve the User
2021-11-28 15:50:49,971  INFO [main] Hooks:41 - ------------------------------------------------------------
2021-11-28 15:50:49,990  INFO [main] Hooks:38 - ****LAUNCH BROWSER****
2021-11-28 15:50:49,990  INFO [main] Hooks:39 - ------------------------------------------------------------
2021-11-28 15:50:49,991  INFO [main] Hooks:40 - To View the User
2021-11-28 15:50:49,991  INFO [main] Hooks:41 - ------------------------------------------------------------
2021-11-28 15:50:50,013  INFO [main] Hooks:38 - ****LAUNCH BROWSER****
2021-11-28 15:50:50,014  INFO [main] Hooks:39 - ------------------------------------------------------------
2021-11-28 15:50:50,014  INFO [main] Hooks:40 - To perform Modify/Repair action for user
2021-11-28 15:50:50,015  INFO [main] Hooks:41 - ------------------------------------------------------------
2021-11-28 15:50:50,034  INFO [main] Hooks:38 - ****LAUNCH BROWSER****
2021-11-28 15:50:50,034  INFO [main] Hooks:39 - ------------------------------------------------------------
2021-11-28 15:50:50,034  INFO [main] Hooks:40 - To Approve the User
2021-11-28 15:50:50,035  INFO [main] Hooks:41 - ------------------------------------------------------------
2021-11-28 15:50:50,053  INFO [main] Hooks:38 - ****LAUNCH BROWSER****
2021-11-28 15:50:50,054  INFO [main] Hooks:39 - ------------------------------------------------------------
2021-11-28 15:50:50,054  INFO [main] Hooks:40 - To View the User
2021-11-28 15:50:50,054  INFO [main] Hooks:41 - ------------------------------------------------------------
2021-11-28 15:50:50,074  INFO [main] Hooks:38 - ****LAUNCH BROWSER****
2021-11-28 15:50:50,074  INFO [main] Hooks:39 - ------------------------------------------------------------
2021-11-28 15:50:50,074  INFO [main] Hooks:40 - To Remove User
2021-11-28 15:50:50,075  INFO [main] Hooks:41 - ------------------------------------------------------------
2021-11-28 15:50:50,090  INFO [main] Hooks:38 - ****LAUNCH BROWSER****
2021-11-28 15:50:50,091  INFO [main] Hooks:39 - ------------------------------------------------------------
2021-11-28 15:50:50,091  INFO [main] Hooks:40 - To Approve the User
2021-11-28 15:50:50,091  INFO [main] Hooks:41 - ------------------------------------------------------------
2021-11-28 15:50:50,108  INFO [main] Hooks:38 - ****LAUNCH BROWSER****
2021-11-28 15:50:50,108  INFO [main] Hooks:39 - ------------------------------------------------------------
2021-11-28 15:50:50,108  INFO [main] Hooks:40 - To View the User
2021-11-28 15:50:50,108  INFO [main] Hooks:41 - ------------------------------------------------------------
2021-11-28 15:50:50,122  INFO [main] Hooks:38 - ****LAUNCH BROWSER****
2021-11-28 15:50:50,122  INFO [main] Hooks:39 - ------------------------------------------------------------
2021-11-28 15:50:50,122  INFO [main] Hooks:40 - To Block or UnBlock User
2021-11-28 15:50:50,122  INFO [main] Hooks:41 - ------------------------------------------------------------
2021-11-28 15:50:50,136  INFO [main] Hooks:38 - ****LAUNCH BROWSER****
2021-11-28 15:50:50,136  INFO [main] Hooks:39 - ------------------------------------------------------------
2021-11-28 15:50:50,136  INFO [main] Hooks:40 - To Approve the User
2021-11-28 15:50:50,136  INFO [main] Hooks:41 - ------------------------------------------------------------
2021-11-28 15:50:50,146  INFO [main] Hooks:38 - ****LAUNCH BROWSER****
2021-11-28 15:50:50,147  INFO [main] Hooks:39 - ------------------------------------------------------------
2021-11-28 15:50:50,147  INFO [main] Hooks:40 - To View the User
2021-11-28 15:50:50,147  INFO [main] Hooks:41 - ------------------------------------------------------------
2021-11-28 15:51:14,985  INFO [main] Hooks:38 - ****LAUNCH BROWSER****
2021-11-28 15:51:14,989  INFO [main] Hooks:39 - ------------------------------------------------------------
2021-11-28 15:51:14,989  INFO [main] Hooks:40 - To Create User
2021-11-28 15:51:14,990  INFO [main] Hooks:41 - ------------------------------------------------------------
2021-11-28 15:53:32,569  INFO [main] Hooks:38 - ****LAUNCH BROWSER****
2021-11-28 15:53:32,573  INFO [main] Hooks:39 - ------------------------------------------------------------
2021-11-28 15:53:32,573  INFO [main] Hooks:40 - To Create User
2021-11-28 15:53:32,573  INFO [main] Hooks:41 - ------------------------------------------------------------
2021-11-28 15:58:46,058  INFO [main] Hooks:38 - ****LAUNCH BROWSER****
2021-11-28 15:58:46,063  INFO [main] Hooks:39 - ------------------------------------------------------------
2021-11-28 15:58:46,063  INFO [main] Hooks:40 - To Create User
2021-11-28 15:58:46,063  INFO [main] Hooks:41 - ------------------------------------------------------------
2021-11-28 16:00:22,452  INFO [main] Hooks:38 - ****LAUNCH BROWSER****
2021-11-28 16:00:22,456  INFO [main] Hooks:39 - ------------------------------------------------------------
2021-11-28 16:00:22,456  INFO [main] Hooks:40 - To Create User
2021-11-28 16:00:22,456  INFO [main] Hooks:41 - ------------------------------------------------------------
2021-11-28 16:00:29,020  INFO [main] LoginPage:59 - Accept button clicked
2021-11-28 16:00:29,917  INFO [main] Hooks:38 - ****LAUNCH BROWSER****
2021-11-28 16:00:29,917  INFO [main] Hooks:39 - ------------------------------------------------------------
2021-11-28 16:00:29,917  INFO [main] Hooks:40 - To Approve the User
2021-11-28 16:00:29,917  INFO [main] Hooks:41 - ------------------------------------------------------------
2021-11-28 16:02:28,973  INFO [main] Hooks:38 - ****LAUNCH BROWSER****
2021-11-28 16:02:28,977  INFO [main] Hooks:39 - ------------------------------------------------------------
2021-11-28 16:02:28,978  INFO [main] Hooks:40 - To Create User
2021-11-28 16:02:28,978  INFO [main] Hooks:41 - ------------------------------------------------------------
2021-11-28 16:02:35,123  INFO [main] LoginPage:59 - Accept button clicked
2021-11-28 16:02:37,071  INFO [main] Hooks:38 - ****LAUNCH BROWSER****
2021-11-28 16:02:37,071  INFO [main] Hooks:39 - ------------------------------------------------------------
2021-11-28 16:02:37,071  INFO [main] Hooks:40 - To Approve the User
2021-11-28 16:02:37,072  INFO [main] Hooks:41 - ------------------------------------------------------------
2021-11-28 16:10:17,669  INFO [main] Hooks:38 - ****LAUNCH BROWSER****
2021-11-28 16:10:17,673  INFO [main] Hooks:39 - ------------------------------------------------------------
2021-11-28 16:10:17,673  INFO [main] Hooks:40 - To Create User
2021-11-28 16:10:17,674  INFO [main] Hooks:41 - ------------------------------------------------------------
2021-11-28 16:10:23,822  INFO [main] LoginPage:59 - Accept button clicked
2021-11-28 16:10:24,952  INFO [main] LoginPage:62 - Username entered
2021-11-28 16:10:26,038  INFO [main] LoginPage:65 - Password entered
2021-11-28 16:10:28,782  INFO [main] LoginPage:68 - Login button clicked
2021-11-28 16:10:28,813  INFO [main] LoginPage:76 - Login Successful
2021-11-28 16:10:29,674  INFO [main] Hooks:38 - ****LAUNCH BROWSER****
2021-11-28 16:10:29,674  INFO [main] Hooks:39 - ------------------------------------------------------------
2021-11-28 16:10:29,675  INFO [main] Hooks:40 - To Approve the User
2021-11-28 16:10:29,675  INFO [main] Hooks:41 - ------------------------------------------------------------
2021-11-28 16:11:28,324  INFO [main] Hooks:38 - ****LAUNCH BROWSER****
2021-11-28 16:11:28,329  INFO [main] Hooks:39 - ------------------------------------------------------------
2021-11-28 16:11:28,329  INFO [main] Hooks:40 - To Create User
2021-11-28 16:11:28,330  INFO [main] Hooks:41 - ------------------------------------------------------------
2021-11-28 16:11:34,710  INFO [main] LoginPage:59 - Accept button clicked
2021-11-28 16:11:35,860  INFO [main] LoginPage:62 - Username entered
2021-11-28 16:11:36,945  INFO [main] LoginPage:65 - Password entered
2021-11-28 16:11:40,990  INFO [main] LoginPage:68 - Login button clicked
2021-11-28 16:11:41,024  INFO [main] LoginPage:76 - Login Successful
2021-11-28 16:12:34,367  INFO [main] Hooks:38 - ****LAUNCH BROWSER****
2021-11-28 16:12:34,372  INFO [main] Hooks:39 - ------------------------------------------------------------
2021-11-28 16:12:34,372  INFO [main] Hooks:40 - To Create User
2021-11-28 16:12:34,372  INFO [main] Hooks:41 - ------------------------------------------------------------
2021-11-28 16:12:40,244  INFO [main] LoginPage:59 - Accept button clicked
2021-11-28 16:12:41,410  INFO [main] LoginPage:62 - Username entered
2021-11-28 16:12:42,505  INFO [main] LoginPage:65 - Password entered
2021-11-28 16:12:45,099  INFO [main] LoginPage:68 - Login button clicked
2021-11-28 16:12:45,126  INFO [main] LoginPage:76 - Login Successful
2021-11-28 16:18:22,598  INFO [main] Hooks:38 - ****LAUNCH BROWSER****
2021-11-28 16:18:22,601  INFO [main] Hooks:39 - ------------------------------------------------------------
2021-11-28 16:18:22,602  INFO [main] Hooks:40 - To Create User
2021-11-28 16:18:22,602  INFO [main] Hooks:41 - ------------------------------------------------------------
2021-11-28 16:18:29,155  INFO [main] LoginPage:59 - Accept button clicked
2021-11-28 16:18:30,287  INFO [main] LoginPage:62 - Username entered
2021-11-28 16:18:31,379  INFO [main] LoginPage:65 - Password entered
2021-11-28 16:18:34,985  INFO [main] LoginPage:68 - Login button clicked
2021-11-28 16:18:35,030  INFO [main] LoginPage:76 - Login Successful
2021-11-28 16:25:27,602  INFO [main] Hooks:38 - ****LAUNCH BROWSER****
2021-11-28 16:25:27,605  INFO [main] Hooks:39 - ------------------------------------------------------------
2021-11-28 16:25:27,606  INFO [main] Hooks:40 - To Create User
2021-11-28 16:25:27,606  INFO [main] Hooks:41 - ------------------------------------------------------------
2021-11-28 16:25:33,994  INFO [main] LoginPage:59 - Accept button clicked
2021-11-28 16:25:35,170  INFO [main] LoginPage:62 - Username entered
2021-11-28 16:25:36,264  INFO [main] LoginPage:65 - Password entered
2021-11-28 16:25:39,426  INFO [main] LoginPage:68 - Login button clicked
2021-11-28 16:25:39,450  INFO [main] LoginPage:76 - Login Successful
2021-11-28 16:30:14,965  INFO [main] Hooks:38 - ****LAUNCH BROWSER****
2021-11-28 16:30:14,969  INFO [main] Hooks:39 - ------------------------------------------------------------
2021-11-28 16:30:14,969  INFO [main] Hooks:40 - To Create User
2021-11-28 16:30:14,970  INFO [main] Hooks:41 - ------------------------------------------------------------
2021-11-28 16:30:21,271  INFO [main] LoginPage:59 - Accept button clicked
2021-11-28 16:30:22,400  INFO [main] LoginPage:62 - Username entered
2021-11-28 16:30:23,496  INFO [main] LoginPage:65 - Password entered
2021-11-28 16:30:26,667  INFO [main] LoginPage:68 - Login button clicked
2021-11-28 16:30:26,697  INFO [main] LoginPage:76 - Login Successful
2021-11-28 16:30:38,396 ERROR [main] UserPage:280 - Cancel button is not working
2021-11-28 16:30:40,230  INFO [main] UserPage:299 - Required fields are validated
2021-11-28 16:31:52,786  INFO [main] Hooks:38 - ****LAUNCH BROWSER****
2021-11-28 16:31:52,789  INFO [main] Hooks:39 - ------------------------------------------------------------
2021-11-28 16:31:52,790  INFO [main] Hooks:40 - To Create User
2021-11-28 16:31:52,790  INFO [main] Hooks:41 - ------------------------------------------------------------
2021-11-28 16:31:58,959  INFO [main] LoginPage:59 - Accept button clicked
2021-11-28 16:32:00,093  INFO [main] LoginPage:62 - Username entered
2021-11-28 16:32:01,184  INFO [main] LoginPage:65 - Password entered
2021-11-28 16:32:04,639  INFO [main] LoginPage:68 - Login button clicked
2021-11-28 16:32:04,676  INFO [main] LoginPage:76 - Login Successful
2021-11-28 16:32:15,013 ERROR [main] UserPage:280 - Cancel button is not working
2021-11-28 16:32:16,766  INFO [main] UserPage:299 - Required fields are validated
2021-11-28 16:32:27,291 ERROR [main] UserPage:280 - Cancel button is not working
2021-11-28 16:32:29,147  INFO [main] UserPage:299 - Required fields are validated
2021-11-28 16:32:39,400 ERROR [main] UserPage:280 - Cancel button is not working
2021-11-28 16:32:41,220  INFO [main] UserPage:299 - Required fields are validated
2021-11-28 16:37:59,799  INFO [main] Hooks:38 - ****LAUNCH BROWSER****
2021-11-28 16:37:59,803  INFO [main] Hooks:39 - ------------------------------------------------------------
2021-11-28 16:37:59,803  INFO [main] Hooks:40 - To Create User
2021-11-28 16:37:59,804  INFO [main] Hooks:41 - ------------------------------------------------------------
2021-11-28 16:38:05,852  INFO [main] LoginPage:59 - Accept button clicked
2021-11-28 16:38:06,950  INFO [main] LoginPage:62 - Username entered
2021-11-28 16:38:08,045  INFO [main] LoginPage:65 - Password entered
2021-11-28 16:38:10,776  INFO [main] LoginPage:68 - Login button clicked
2021-11-28 16:38:10,802  INFO [main] LoginPage:76 - Login Successful
2021-11-28 16:38:21,088  INFO [main] UserPage:277 - Cancel button is working fine
2021-11-28 16:38:22,722  INFO [main] UserPage:296 - Required fields are validated
2021-11-28 16:38:30,241  INFO [main] UserPage:336 - Record With User Name TestMaker444 Added Successfully
2021-11-28 16:38:33,196  INFO [main] UserPage:277 - Cancel button is working fine
2021-11-28 16:38:34,799  INFO [main] UserPage:296 - Required fields are validated
2021-11-28 16:38:42,119  INFO [main] UserPage:336 - Record With User Name TestChecker555 Added Successfully
2021-11-28 16:38:45,210  INFO [main] UserPage:277 - Cancel button is working fine
2021-11-28 16:38:46,806  INFO [main] UserPage:296 - Required fields are validated
2021-11-28 16:38:54,114  INFO [main] UserPage:336 - Record With User Name TestChecker666 Added Successfully
2021-11-28 16:41:56,576  INFO [main] Hooks:38 - ****LAUNCH BROWSER****
2021-11-28 16:41:56,580  INFO [main] Hooks:39 - ------------------------------------------------------------
2021-11-28 16:41:56,580  INFO [main] Hooks:40 - To Approve the User
2021-11-28 16:41:56,580  INFO [main] Hooks:41 - ------------------------------------------------------------
2021-11-28 16:42:03,004  INFO [main] LoginPage:59 - Accept button clicked
2021-11-28 16:42:04,143  INFO [main] LoginPage:62 - Username entered
2021-11-28 16:42:05,237  INFO [main] LoginPage:65 - Password entered
2021-11-28 16:42:08,550  INFO [main] LoginPage:68 - Login button clicked
2021-11-28 16:42:08,575  INFO [main] LoginPage:76 - Login Successful
2021-11-28 16:44:09,955  INFO [main] Hooks:38 - ****LAUNCH BROWSER****
2021-11-28 16:44:09,960  INFO [main] Hooks:39 - ------------------------------------------------------------
2021-11-28 16:44:09,960  INFO [main] Hooks:40 - To Approve the User
2021-11-28 16:44:09,960  INFO [main] Hooks:41 - ------------------------------------------------------------
2021-11-28 16:44:16,147  INFO [main] LoginPage:59 - Accept button clicked
2021-11-28 16:44:17,243  INFO [main] LoginPage:62 - Username entered
2021-11-28 16:44:18,340  INFO [main] LoginPage:65 - Password entered
2021-11-28 16:44:21,090  INFO [main] LoginPage:68 - Login button clicked
2021-11-28 16:44:21,128  INFO [main] LoginPage:76 - Login Successful
2021-11-28 16:44:31,738  INFO [main] LoginPage:59 - Accept button clicked
2021-11-28 16:44:32,907  INFO [main] LoginPage:62 - Username entered
2021-11-28 16:44:33,994  INFO [main] LoginPage:65 - Password entered
2021-11-28 16:44:36,788  INFO [main] LoginPage:68 - Login button clicked
2021-11-28 16:44:36,820  INFO [main] LoginPage:76 - Login Successful
2021-11-28 16:45:48,405  INFO [main] Hooks:38 - ****LAUNCH BROWSER****
2021-11-28 16:45:48,409  INFO [main] Hooks:39 - ------------------------------------------------------------
2021-11-28 16:45:48,410  INFO [main] Hooks:40 - To Approve the User
2021-11-28 16:45:48,410  INFO [main] Hooks:41 - ------------------------------------------------------------
2021-11-28 16:45:54,638  INFO [main] LoginPage:59 - Accept button clicked
2021-11-28 16:45:55,775  INFO [main] LoginPage:62 - Username entered
2021-11-28 16:45:56,869  INFO [main] LoginPage:65 - Password entered
2021-11-28 16:45:59,843  INFO [main] LoginPage:68 - Login button clicked
2021-11-28 16:45:59,874  INFO [main] LoginPage:76 - Login Successful
2021-11-28 16:46:10,690  INFO [main] LoginPage:59 - Accept button clicked
2021-11-28 16:46:11,825  INFO [main] LoginPage:62 - Username entered
2021-11-28 16:46:12,913  INFO [main] LoginPage:65 - Password entered
2021-11-28 16:46:15,762  INFO [main] LoginPage:68 - Login button clicked
2021-11-28 16:46:15,778  INFO [main] LoginPage:76 - Login Successful
2021-11-28 16:46:25,782  INFO [main] UserPage:370 - Reset Button is working fine
2021-11-28 16:46:26,286  INFO [main] UserPage:386 - Record With Values [ TestMaker444 , null , TestMaker444 , null ] Not Found For Approve Operation
2021-11-28 16:46:28,021  INFO [main] UserPage:370 - Reset Button is working fine
2021-11-28 16:46:28,561  INFO [main] UserPage:386 - Record With Values [ TestChecker555 , null , TestChecker555 , null ] Not Found For Approve Operation
2021-11-28 16:46:30,359  INFO [main] UserPage:370 - Reset Button is working fine
2021-11-28 16:46:30,926  INFO [main] UserPage:386 - Record With Values [ TestChecker666 , null , TestChecker666 , null ] Not Found For Approve Operation
2021-11-28 16:46:32,683  INFO [main] UserPage:370 - Reset Button is working fine
2021-11-28 16:46:33,161  INFO [main] UserPage:386 - Record With Values [  , null ,  , null ] Not Found For Approve Operation
2021-11-28 16:55:50,019  INFO [main] Hooks:38 - ****LAUNCH BROWSER****
2021-11-28 16:55:50,023  INFO [main] Hooks:39 - ------------------------------------------------------------
2021-11-28 16:55:50,023  INFO [main] Hooks:40 - To Approve the User
2021-11-28 16:55:50,024  INFO [main] Hooks:41 - ------------------------------------------------------------
2021-11-28 16:55:56,639  INFO [main] LoginPage:59 - Accept button clicked
2021-11-28 16:55:57,793  INFO [main] LoginPage:62 - Username entered
2021-11-28 16:55:58,885  INFO [main] LoginPage:65 - Password entered
2021-11-28 16:56:00,972  INFO [main] LoginPage:68 - Login button clicked
2021-11-28 16:56:01,004  INFO [main] LoginPage:76 - Login Successful
2021-11-28 16:56:46,676  INFO [main] Hooks:38 - ****LAUNCH BROWSER****
2021-11-28 16:56:46,681  INFO [main] Hooks:39 - ------------------------------------------------------------
2021-11-28 16:56:46,682  INFO [main] Hooks:40 - To Approve the User
2021-11-28 16:56:46,682  INFO [main] Hooks:41 - ------------------------------------------------------------
2021-11-28 16:56:52,963  INFO [main] LoginPage:59 - Accept button clicked
2021-11-28 16:56:54,107  INFO [main] LoginPage:62 - Username entered
2021-11-28 16:56:55,195  INFO [main] LoginPage:65 - Password entered
2021-11-28 16:56:58,143  INFO [main] LoginPage:68 - Login button clicked
2021-11-28 16:56:58,173  INFO [main] LoginPage:76 - Login Successful
2021-11-28 16:57:08,916  INFO [main] LoginPage:59 - Accept button clicked
2021-11-28 16:57:10,071  INFO [main] LoginPage:62 - Username entered
2021-11-28 16:57:11,158  INFO [main] LoginPage:65 - Password entered
2021-11-28 16:57:14,347  INFO [main] LoginPage:68 - Login button clicked
2021-11-28 16:57:14,365  INFO [main] LoginPage:76 - Login Successful
2021-11-28 16:57:24,634  INFO [main] UserPage:370 - Reset Button is working fine
2021-11-28 16:57:25,742 ERROR [main] UserPage:429 - Record Mismatch, Record With Values [ TestMaker444 ,  , TestMaker444 , ADMIN ] Not Found For Approve Operation
2021-11-28 16:57:27,471  INFO [main] UserPage:370 - Reset Button is working fine
2021-11-28 16:57:28,441 ERROR [main] UserPage:429 - Record Mismatch, Record With Values [ TestChecker555 ,  , TestChecker555 , ADMIN ] Not Found For Approve Operation
2021-11-28 16:57:30,166  INFO [main] UserPage:370 - Reset Button is working fine
2021-11-28 16:57:31,200 ERROR [main] UserPage:429 - Record Mismatch, Record With Values [ TestChecker666 ,  , TestChecker666 , ADMIN ] Not Found For Approve Operation
2021-11-28 16:58:50,424  INFO [main] Hooks:38 - ****LAUNCH BROWSER****
2021-11-28 16:58:50,428  INFO [main] Hooks:39 - ------------------------------------------------------------
2021-11-28 16:58:50,428  INFO [main] Hooks:40 - To Approve the User
2021-11-28 16:58:50,428  INFO [main] Hooks:41 - ------------------------------------------------------------
2021-11-28 16:58:56,373  INFO [main] LoginPage:59 - Accept button clicked
2021-11-28 16:58:57,530  INFO [main] LoginPage:62 - Username entered
2021-11-28 16:58:58,618  INFO [main] LoginPage:65 - Password entered
2021-11-28 16:59:01,544  INFO [main] LoginPage:68 - Login button clicked
2021-11-28 16:59:01,572  INFO [main] LoginPage:76 - Login Successful
2021-11-28 16:59:12,315  INFO [main] LoginPage:59 - Accept button clicked
2021-11-28 16:59:13,476  INFO [main] LoginPage:62 - Username entered
2021-11-28 16:59:14,569  INFO [main] LoginPage:65 - Password entered
2021-11-28 16:59:17,598  INFO [main] LoginPage:68 - Login button clicked
2021-11-28 16:59:17,623  INFO [main] LoginPage:76 - Login Successful
2021-11-28 16:59:27,529  INFO [main] UserPage:370 - Reset Button is working fine
2021-11-28 16:59:29,142  INFO [main] UserPage:405 - Record With Values  TestMaker444 Approved Successfully
2021-11-28 16:59:30,882  INFO [main] UserPage:370 - Reset Button is working fine
2021-11-28 16:59:32,731  INFO [main] UserPage:414 - Record With Values  TestChecker555 Rejected Successfully
2021-11-28 16:59:34,468  INFO [main] UserPage:370 - Reset Button is working fine
2021-11-28 16:59:35,906  INFO [main] UserPage:423 - Record With Values  TestChecker666 Rejected Successfully
2021-11-28 17:00:32,186  INFO [main] Hooks:38 - ****LAUNCH BROWSER****
2021-11-28 17:00:32,190  INFO [main] Hooks:39 - ------------------------------------------------------------
2021-11-28 17:00:32,190  INFO [main] Hooks:40 - To View the User
2021-11-28 17:00:32,190  INFO [main] Hooks:41 - ------------------------------------------------------------
2021-11-28 17:00:38,808  INFO [main] LoginPage:59 - Accept button clicked
2021-11-28 17:00:39,966  INFO [main] LoginPage:62 - Username entered
2021-11-28 17:00:41,054  INFO [main] LoginPage:65 - Password entered
2021-11-28 17:00:43,821  INFO [main] LoginPage:68 - Login button clicked
2021-11-28 17:00:43,861  INFO [main] LoginPage:76 - Login Successful
2021-11-28 17:02:08,502  INFO [main] Hooks:38 - ****LAUNCH BROWSER****
2021-11-28 17:02:08,506  INFO [main] Hooks:39 - ------------------------------------------------------------
2021-11-28 17:02:08,506  INFO [main] Hooks:40 - To View the User
2021-11-28 17:02:08,506  INFO [main] Hooks:41 - ------------------------------------------------------------
2021-11-28 17:02:15,543  INFO [main] LoginPage:59 - Accept button clicked
2021-11-28 17:02:16,666  INFO [main] LoginPage:62 - Username entered
2021-11-28 17:02:17,750  INFO [main] LoginPage:65 - Password entered
2021-11-28 17:02:19,864  INFO [main] LoginPage:68 - Login button clicked
2021-11-28 17:02:19,891  INFO [main] LoginPage:76 - Login Successful
2021-11-28 17:02:29,282  INFO [main] UserPage:685 - Reset Button is working fine
2021-11-28 17:02:31,834  INFO [main] UserPage:717 - Record With TestMaker444 Is Not Displayed In List
2021-11-28 17:05:24,248  INFO [main] Hooks:38 - ****LAUNCH BROWSER****
2021-11-28 17:05:24,252  INFO [main] Hooks:39 - ------------------------------------------------------------
2021-11-28 17:05:24,252  INFO [main] Hooks:40 - To View the User
2021-11-28 17:05:24,252  INFO [main] Hooks:41 - ------------------------------------------------------------
2021-11-28 17:05:30,611  INFO [main] LoginPage:59 - Accept button clicked
2021-11-28 17:05:31,748  INFO [main] LoginPage:62 - Username entered
2021-11-28 17:05:32,844  INFO [main] LoginPage:65 - Password entered
2021-11-28 17:05:37,041  INFO [main] LoginPage:68 - Login button clicked
2021-11-28 17:05:37,066  INFO [main] LoginPage:76 - Login Successful
2021-11-28 17:05:46,261  INFO [main] UserPage:688 - Reset Button is working fine
2021-11-28 17:05:48,431  INFO [main] UserPage:720 - Record With TestMaker444 Is Not Displayed In List
2021-11-28 17:05:50,296  INFO [main] UserPage:688 - Reset Button is working fine
2021-11-28 17:11:04,948  INFO [main] Hooks:38 - ****LAUNCH BROWSER****
2021-11-28 17:11:04,952  INFO [main] Hooks:39 - ------------------------------------------------------------
2021-11-28 17:11:04,952  INFO [main] Hooks:40 - To View the User
2021-11-28 17:11:04,952  INFO [main] Hooks:41 - ------------------------------------------------------------
2021-11-28 17:11:10,854  INFO [main] LoginPage:59 - Accept button clicked
2021-11-28 17:11:12,009  INFO [main] LoginPage:62 - Username entered
2021-11-28 17:11:13,110  INFO [main] LoginPage:65 - Password entered
2021-11-28 17:11:16,365  INFO [main] LoginPage:68 - Login button clicked
2021-11-28 17:11:16,390  INFO [main] LoginPage:76 - Login Successful
2021-11-28 17:11:25,695  INFO [main] UserPage:688 - Reset Button is working fine
2021-11-28 17:12:53,306  INFO [main] Hooks:38 - ****LAUNCH BROWSER****
2021-11-28 17:12:53,310  INFO [main] Hooks:39 - ------------------------------------------------------------
2021-11-28 17:12:53,310  INFO [main] Hooks:40 - To View the User
2021-11-28 17:12:53,310  INFO [main] Hooks:41 - ------------------------------------------------------------
2021-11-28 17:12:59,108  INFO [main] LoginPage:59 - Accept button clicked
2021-11-28 17:13:00,273  INFO [main] LoginPage:62 - Username entered
2021-11-28 17:13:01,369  INFO [main] LoginPage:65 - Password entered
2021-11-28 17:13:04,282  INFO [main] LoginPage:68 - Login button clicked
2021-11-28 17:13:04,318  INFO [main] LoginPage:76 - Login Successful
2021-11-28 17:13:13,795  INFO [main] UserPage:688 - Reset Button is working fine
2021-11-28 17:14:59,888  INFO [main] Hooks:38 - ****LAUNCH BROWSER****
2021-11-28 17:14:59,892  INFO [main] Hooks:39 - ------------------------------------------------------------
2021-11-28 17:14:59,893  INFO [main] Hooks:40 - To View the User
2021-11-28 17:14:59,893  INFO [main] Hooks:41 - ------------------------------------------------------------
2021-11-28 17:15:06,316  INFO [main] LoginPage:59 - Accept button clicked
2021-11-28 17:15:07,490  INFO [main] LoginPage:62 - Username entered
2021-11-28 17:15:08,578  INFO [main] LoginPage:65 - Password entered
2021-11-28 17:15:11,419  INFO [main] LoginPage:68 - Login button clicked
2021-11-28 17:15:11,478  INFO [main] LoginPage:76 - Login Successful
2021-11-28 17:15:20,491  INFO [main] UserPage:688 - Reset Button is working fine
2021-11-28 17:15:24,839  INFO [main] UserPage:719 - Record With TestMaker444 Is Displayed In List With Status ACTIVE
2021-11-28 17:15:26,735  INFO [main] UserPage:688 - Reset Button is working fine
2021-11-28 17:18:58,186  INFO [main] Hooks:38 - ****LAUNCH BROWSER****
2021-11-28 17:18:58,190  INFO [main] Hooks:39 - ------------------------------------------------------------
2021-11-28 17:18:58,190  INFO [main] Hooks:40 - To View the User
2021-11-28 17:18:58,190  INFO [main] Hooks:41 - ------------------------------------------------------------
2021-11-28 17:19:04,423  INFO [main] LoginPage:59 - Accept button clicked
2021-11-28 17:19:05,541  INFO [main] LoginPage:62 - Username entered
2021-11-28 17:19:06,633  INFO [main] LoginPage:65 - Password entered
2021-11-28 17:19:09,399  INFO [main] LoginPage:68 - Login button clicked
2021-11-28 17:19:09,422  INFO [main] LoginPage:76 - Login Successful
2021-11-28 17:19:18,871  INFO [main] UserPage:691 - Reset Button is working fine
2021-11-28 17:19:22,467  INFO [main] UserPage:691 - Reset Button is working fine
2021-11-28 17:19:24,334  INFO [main] UserPage:711 - Record With Values [ TestChecker555 ,  , TestChecker555 , ADMIN ] Not Found For List Operation
2021-11-28 17:19:26,161  INFO [main] UserPage:691 - Reset Button is working fine
2021-11-28 17:20:51,460  INFO [main] Hooks:38 - ****LAUNCH BROWSER****
2021-11-28 17:20:51,464  INFO [main] Hooks:39 - ------------------------------------------------------------
2021-11-28 17:20:51,464  INFO [main] Hooks:40 - To View the User
2021-11-28 17:20:51,464  INFO [main] Hooks:41 - ------------------------------------------------------------
2021-11-28 17:20:57,524  INFO [main] LoginPage:59 - Accept button clicked
2021-11-28 17:20:58,667  INFO [main] LoginPage:62 - Username entered
2021-11-28 17:20:59,762  INFO [main] LoginPage:65 - Password entered
2021-11-28 17:21:02,381  INFO [main] LoginPage:68 - Login button clicked
2021-11-28 17:21:02,415  INFO [main] LoginPage:76 - Login Successful
2021-11-28 17:21:11,889  INFO [main] UserPage:691 - Reset Button is working fine
2021-11-28 17:21:15,439  INFO [main] UserPage:691 - Reset Button is working fine
2021-11-28 17:21:17,076  INFO [main] UserPage:709 - Record With Values [ TestChecker555 ,  , TestChecker555 , ADMIN ] Not Found For List Operation
2021-11-28 17:21:18,931  INFO [main] UserPage:691 - Reset Button is working fine
2021-11-28 17:23:27,266  INFO [main] Hooks:38 - ****LAUNCH BROWSER****
2021-11-28 17:23:27,270  INFO [main] Hooks:39 - ------------------------------------------------------------
2021-11-28 17:23:27,271  INFO [main] Hooks:40 - To View the User
2021-11-28 17:23:27,271  INFO [main] Hooks:41 - ------------------------------------------------------------
2021-11-28 17:23:34,188  INFO [main] LoginPage:59 - Accept button clicked
2021-11-28 17:23:35,374  INFO [main] LoginPage:62 - Username entered
2021-11-28 17:23:36,471  INFO [main] LoginPage:65 - Password entered
2021-11-28 17:23:39,733  INFO [main] LoginPage:68 - Login button clicked
2021-11-28 17:23:39,763  INFO [main] LoginPage:76 - Login Successful
2021-11-28 17:23:49,359  INFO [main] UserPage:691 - Reset Button is working fine
2021-11-28 17:23:52,889  INFO [main] UserPage:691 - Reset Button is working fine
2021-11-28 17:23:54,491  INFO [main] UserPage:709 - Record With Values [ TestChecker555 ,  , TestChecker555 , ADMIN ] Not Found For List Operation
2021-11-28 17:23:56,300  INFO [main] UserPage:691 - Reset Button is working fine
2021-11-28 17:28:18,520  INFO [main] Hooks:38 - ****LAUNCH BROWSER****
2021-11-28 17:28:18,523  INFO [main] Hooks:39 - ------------------------------------------------------------
2021-11-28 17:28:18,523  INFO [main] Hooks:40 - To View the User
2021-11-28 17:28:18,524  INFO [main] Hooks:41 - ------------------------------------------------------------
2021-11-28 17:28:24,752  INFO [main] LoginPage:59 - Accept button clicked
2021-11-28 17:28:25,911  INFO [main] LoginPage:62 - Username entered
2021-11-28 17:28:27,000  INFO [main] LoginPage:65 - Password entered
2021-11-28 17:28:29,847  INFO [main] LoginPage:68 - Login button clicked
2021-11-28 17:28:29,878  INFO [main] LoginPage:76 - Login Successful
2021-11-28 17:28:39,022  INFO [main] UserPage:691 - Reset Button is working fine
2021-11-28 17:28:42,892  INFO [main] UserPage:691 - Reset Button is working fine
2021-11-28 17:28:44,532  INFO [main] UserPage:709 - Record With Values [ TestChecker555 ,  , TestChecker555 , ADMIN ] Not Found For List Operation
2021-11-28 17:28:46,448  INFO [main] UserPage:691 - Reset Button is working fine
2021-11-28 17:29:39,363  INFO [main] Hooks:38 - ****LAUNCH BROWSER****
2021-11-28 17:29:39,366  INFO [main] Hooks:39 - ------------------------------------------------------------
2021-11-28 17:29:39,366  INFO [main] Hooks:40 - To View the User
2021-11-28 17:29:39,367  INFO [main] Hooks:41 - ------------------------------------------------------------
2021-11-28 17:29:45,253  INFO [main] LoginPage:59 - Accept button clicked
2021-11-28 17:29:46,392  INFO [main] LoginPage:62 - Username entered
2021-11-28 17:29:47,486  INFO [main] LoginPage:65 - Password entered
2021-11-28 17:29:51,123  INFO [main] LoginPage:68 - Login button clicked
2021-11-28 17:29:51,157  INFO [main] LoginPage:76 - Login Successful
2021-11-28 17:30:00,348  INFO [main] UserPage:691 - Reset Button is working fine
2021-11-28 17:30:04,137  INFO [main] UserPage:691 - Reset Button is working fine
2021-11-28 17:30:05,740  INFO [main] UserPage:709 - Record With Values [ TestChecker555 ,  , TestChecker555 , ADMIN ] Not Found For List Operation
2021-11-28 17:30:07,541  INFO [main] UserPage:691 - Reset Button is working fine
2021-11-28 17:30:58,379  INFO [main] Hooks:38 - ****LAUNCH BROWSER****
2021-11-28 17:30:58,383  INFO [main] Hooks:39 - ------------------------------------------------------------
2021-11-28 17:30:58,383  INFO [main] Hooks:40 - To View the User
2021-11-28 17:30:58,383  INFO [main] Hooks:41 - ------------------------------------------------------------
2021-11-28 17:31:04,639  INFO [main] LoginPage:59 - Accept button clicked
2021-11-28 17:31:05,757  INFO [main] LoginPage:62 - Username entered
2021-11-28 17:31:06,845  INFO [main] LoginPage:65 - Password entered
2021-11-28 17:31:09,559  INFO [main] LoginPage:68 - Login button clicked
2021-11-28 17:31:09,592  INFO [main] LoginPage:76 - Login Successful
2021-11-28 17:31:18,790  INFO [main] UserPage:691 - Reset Button is working fine
2021-11-28 17:31:23,654  INFO [main] UserPage:724 - Record With TestMaker444 Is Displayed In List With Status ACTIVE
2021-11-28 17:31:25,513  INFO [main] UserPage:691 - Reset Button is working fine
2021-11-28 17:31:27,123  INFO [main] UserPage:709 - Record With Values [ TestChecker555 ,  , TestChecker555 , ADMIN ] Not Found For List Operation
2021-11-28 17:31:28,986  INFO [main] UserPage:691 - Reset Button is working fine
2021-11-28 17:31:33,765  INFO [main] UserPage:724 - Record With TestChecker666 Is Displayed In List With Status REPAIR
2021-11-28 18:34:11,945  INFO [main] Hooks:38 - ****LAUNCH BROWSER****
2021-11-28 18:34:11,949  INFO [main] Hooks:39 - ------------------------------------------------------------
2021-11-28 18:34:11,949  INFO [main] Hooks:40 - To Remove User
2021-11-28 18:34:11,949  INFO [main] Hooks:41 - ------------------------------------------------------------
2021-11-28 18:34:19,778  INFO [main] LoginPage:59 - Accept button clicked
2021-11-28 18:34:20,870  INFO [main] LoginPage:62 - Username entered
2021-11-28 18:34:21,963  INFO [main] LoginPage:65 - Password entered
2021-11-28 18:34:25,568  INFO [main] LoginPage:68 - Login button clicked
2021-11-28 18:34:25,600  INFO [main] LoginPage:76 - Login Successful
2021-11-28 18:34:34,839  INFO [main] UserPage:467 - Reset Button is working fine
2021-11-28 18:35:53,064  INFO [main] Hooks:38 - ****LAUNCH BROWSER****
2021-11-28 18:35:53,067  INFO [main] Hooks:39 - ------------------------------------------------------------
2021-11-28 18:35:53,067  INFO [main] Hooks:40 - To Remove User
2021-11-28 18:35:53,068  INFO [main] Hooks:41 - ------------------------------------------------------------
2021-11-28 18:35:58,759  INFO [main] LoginPage:59 - Accept button clicked
2021-11-28 18:35:59,910  INFO [main] LoginPage:62 - Username entered
2021-11-28 18:36:01,007  INFO [main] LoginPage:65 - Password entered
2021-11-28 18:36:03,564  INFO [main] LoginPage:68 - Login button clicked
2021-11-28 18:36:03,592  INFO [main] LoginPage:76 - Login Successful
2021-11-28 18:36:12,656  INFO [main] UserPage:467 - Reset Button is working fine
2021-11-28 18:36:14,231  INFO [main] UserPage:484 - Record With Values [ TestMaker444 ,  , TestMaker444 , ADMIN ] Not Found For Remove Operation
2021-11-28 19:53:10,980  INFO [main] Hooks:38 - ****LAUNCH BROWSER****
2021-11-28 19:53:10,984  INFO [main] Hooks:39 - ------------------------------------------------------------
2021-11-28 19:53:10,984  INFO [main] Hooks:40 - To Remove User
2021-11-28 19:53:10,984  INFO [main] Hooks:41 - ------------------------------------------------------------
2021-11-28 19:53:18,269  INFO [main] LoginPage:59 - Accept button clicked
2021-11-28 19:53:19,392  INFO [main] LoginPage:62 - Username entered
2021-11-28 19:53:20,481  INFO [main] LoginPage:65 - Password entered
2021-11-28 19:53:24,148  INFO [main] LoginPage:68 - Login button clicked
2021-11-28 19:53:24,189  INFO [main] LoginPage:76 - Login Successful
2021-11-28 19:53:33,300  INFO [main] UserPage:467 - Reset Button is working fine
2021-11-28 19:53:35,100  INFO [main] UserPage:484 - Record With Values [ TestMaker444 ,  , TestMaker444 , ADMIN ] Not Found For Remove Operation
2021-11-28 19:54:42,103  INFO [main] Hooks:38 - ****LAUNCH BROWSER****
2021-11-28 19:54:42,107  INFO [main] Hooks:39 - ------------------------------------------------------------
2021-11-28 19:54:42,108  INFO [main] Hooks:40 - To Remove User
2021-11-28 19:54:42,108  INFO [main] Hooks:41 - ------------------------------------------------------------
2021-11-28 19:54:48,300  INFO [main] LoginPage:59 - Accept button clicked
2021-11-28 19:54:49,429  INFO [main] LoginPage:62 - Username entered
2021-11-28 19:54:50,514  INFO [main] LoginPage:65 - Password entered
2021-11-28 19:54:53,101  INFO [main] LoginPage:68 - Login button clicked
2021-11-28 19:54:53,132  INFO [main] LoginPage:76 - Login Successful
2021-11-28 19:55:02,093  INFO [main] UserPage:467 - Reset Button is working fine
2021-11-28 19:55:05,700  INFO [main] UserPage:496 - Record With UserName TestMaker444 Removed Successfully
2021-11-28 19:56:13,894  INFO [main] Hooks:38 - ****LAUNCH BROWSER****
2021-11-28 19:56:13,899  INFO [main] Hooks:39 - ------------------------------------------------------------
2021-11-28 19:56:13,899  INFO [main] Hooks:40 - To Approve the User
2021-11-28 19:56:13,900  INFO [main] Hooks:41 - ------------------------------------------------------------
2021-11-28 19:56:20,637  INFO [main] LoginPage:59 - Accept button clicked
2021-11-28 19:56:21,777  INFO [main] LoginPage:62 - Username entered
2021-11-28 19:56:22,856  INFO [main] LoginPage:65 - Password entered
2021-11-28 19:56:25,686  INFO [main] LoginPage:68 - Login button clicked
2021-11-28 19:56:25,712  INFO [main] LoginPage:76 - Login Successful
2021-11-28 19:56:36,170  INFO [main] LoginPage:59 - Accept button clicked
2021-11-28 19:56:37,292  INFO [main] LoginPage:62 - Username entered
2021-11-28 19:56:38,383  INFO [main] LoginPage:65 - Password entered
2021-11-28 19:56:41,406  INFO [main] LoginPage:68 - Login button clicked
2021-11-28 19:56:41,420  INFO [main] LoginPage:76 - Login Successful
2021-11-28 19:56:51,366  INFO [main] UserPage:376 - Reset Button is working fine
2021-11-28 19:56:58,344  INFO [main] Hooks:38 - ****LAUNCH BROWSER****
2021-11-28 19:56:58,345  INFO [main] Hooks:39 - ------------------------------------------------------------
2021-11-28 19:56:58,345  INFO [main] Hooks:40 - To View the User
2021-11-28 19:56:58,346  INFO [main] Hooks:41 - ------------------------------------------------------------
2021-11-28 19:57:03,260  INFO [main] LoginPage:59 - Accept button clicked
2021-11-28 19:57:04,349  INFO [main] LoginPage:62 - Username entered
2021-11-28 19:57:05,439  INFO [main] LoginPage:65 - Password entered
2021-11-28 19:57:08,242  INFO [main] LoginPage:68 - Login button clicked
2021-11-28 19:57:08,262  INFO [main] LoginPage:76 - Login Successful
2021-11-28 19:57:16,828  INFO [main] UserPage:688 - Reset Button is working fine
2021-11-28 19:57:21,910  INFO [main] UserPage:719 - Record With TestMaker444 Is Displayed In List With Status ACTIVE
2021-11-28 20:19:54,260  INFO [main] Hooks:38 - ****LAUNCH BROWSER****
2021-11-28 20:19:54,264  INFO [main] Hooks:39 - ------------------------------------------------------------
2021-11-28 20:19:54,264  INFO [main] Hooks:40 - To Block or UnBlock User
2021-11-28 20:19:54,264  INFO [main] Hooks:41 - ------------------------------------------------------------
2021-11-28 20:20:00,830  INFO [main] LoginPage:59 - Accept button clicked
2021-11-28 20:20:02,131  INFO [main] LoginPage:62 - Username entered
2021-11-28 20:20:03,248  INFO [main] LoginPage:65 - Password entered
2021-11-28 20:20:05,218  INFO [main] LoginPage:68 - Login button clicked
2021-11-28 20:20:05,250  INFO [main] LoginPage:76 - Login Successful
2021-11-28 20:20:14,576  INFO [main] Hooks:38 - ****LAUNCH BROWSER****
2021-11-28 20:20:14,578  INFO [main] Hooks:39 - ------------------------------------------------------------
2021-11-28 20:20:14,578  INFO [main] Hooks:40 - To Approve the User
2021-11-28 20:20:14,579  INFO [main] Hooks:41 - ------------------------------------------------------------
2021-11-28 20:20:19,899  INFO [main] LoginPage:59 - Accept button clicked
2021-11-28 20:21:37,130  INFO [main] Hooks:38 - ****LAUNCH BROWSER****
2021-11-28 20:21:37,134  INFO [main] Hooks:39 - ------------------------------------------------------------
2021-11-28 20:21:37,134  INFO [main] Hooks:40 - To Block or UnBlock User
2021-11-28 20:21:37,135  INFO [main] Hooks:41 - ------------------------------------------------------------
2021-11-28 20:21:43,842  INFO [main] LoginPage:59 - Accept button clicked
2021-11-28 20:21:45,121  INFO [main] LoginPage:62 - Username entered
2021-11-28 20:21:46,344  INFO [main] LoginPage:65 - Password entered
2021-11-28 20:21:48,957  INFO [main] LoginPage:68 - Login button clicked
2021-11-28 20:21:49,036  INFO [main] LoginPage:76 - Login Successful
2021-11-28 20:22:00,106  INFO [main] UserPage:533 - Reset Button is working fine
2021-11-28 20:22:01,045  INFO [main] UserPage:549 - Record With Values [ tmaker2  ,  , tmaker2  , TESTING2_MAKER ] Not Found For Block/Unblock Operation
2021-11-28 20:22:06,820  INFO [main] Hooks:38 - ****LAUNCH BROWSER****
2021-11-28 20:22:06,821  INFO [main] Hooks:39 - ------------------------------------------------------------
2021-11-28 20:22:06,822  INFO [main] Hooks:40 - To Approve the User
2021-11-28 20:22:06,823  INFO [main] Hooks:41 - ------------------------------------------------------------
2021-11-28 20:50:49,353  INFO [main] Hooks:38 - ****LAUNCH BROWSER****
2021-11-28 20:50:49,357  INFO [main] Hooks:39 - ------------------------------------------------------------
2021-11-28 20:50:49,357  INFO [main] Hooks:40 - To Create User
2021-11-28 20:50:49,357  INFO [main] Hooks:41 - ------------------------------------------------------------
2021-11-28 20:50:55,427  INFO [main] LoginPage:59 - Accept button clicked
2021-11-28 20:50:56,570  INFO [main] LoginPage:62 - Username entered
2021-11-28 20:50:57,663  INFO [main] LoginPage:65 - Password entered
2021-11-28 20:51:00,454  INFO [main] LoginPage:68 - Login button clicked
2021-11-28 20:51:00,479  INFO [main] LoginPage:76 - Login Successful
2021-11-28 20:51:10,130  INFO [main] Hooks:38 - ****LAUNCH BROWSER****
2021-11-28 20:51:10,130  INFO [main] Hooks:39 - ------------------------------------------------------------
2021-11-28 20:51:10,131  INFO [main] Hooks:40 - To Approve the User
2021-11-28 20:51:10,131  INFO [main] Hooks:41 - ------------------------------------------------------------
2021-11-28 20:51:14,874  INFO [main] LoginPage:59 - Accept button clicked
2021-11-28 20:51:16,021  INFO [main] LoginPage:62 - Username entered
2021-11-28 20:51:17,111  INFO [main] LoginPage:65 - Password entered
2021-11-28 20:53:26,839  INFO [main] Hooks:38 - ****LAUNCH BROWSER****
2021-11-28 20:53:26,843  INFO [main] Hooks:39 - ------------------------------------------------------------
2021-11-28 20:53:26,843  INFO [main] Hooks:40 - To Create Profile
2021-11-28 20:53:26,843  INFO [main] Hooks:41 - ------------------------------------------------------------
2021-11-28 20:53:33,209  INFO [main] LoginPage:59 - Accept button clicked
2021-11-28 20:53:34,354  INFO [main] LoginPage:62 - Username entered
2021-11-28 20:53:35,435  INFO [main] LoginPage:65 - Password entered
2021-11-28 20:53:39,117  INFO [main] LoginPage:68 - Login button clicked
2021-11-28 20:53:39,146  INFO [main] LoginPage:76 - Login Successful
2021-11-28 20:53:39,972  INFO [main] Hooks:38 - ****LAUNCH BROWSER****
2021-11-28 20:53:39,973  INFO [main] Hooks:39 - ------------------------------------------------------------
2021-11-28 20:53:39,973  INFO [main] Hooks:40 - To Approve the Profile
2021-11-28 20:53:39,973  INFO [main] Hooks:41 - ------------------------------------------------------------
2021-11-28 20:53:44,807  INFO [main] LoginPage:59 - Accept button clicked
2021-11-28 20:53:45,949  INFO [main] LoginPage:62 - Username entered
2021-11-28 20:53:47,042  INFO [main] LoginPage:65 - Password entered
2021-11-28 20:53:49,748  INFO [main] LoginPage:68 - Login button clicked
2021-11-28 20:53:49,770  INFO [main] LoginPage:76 - Login Successful
2021-11-28 20:53:50,506  INFO [main] Hooks:38 - ****LAUNCH BROWSER****
2021-11-28 20:53:50,506  INFO [main] Hooks:39 - ------------------------------------------------------------
2021-11-28 20:53:50,506  INFO [main] Hooks:40 - To View the Profile
2021-11-28 20:53:50,506  INFO [main] Hooks:41 - ------------------------------------------------------------
2021-11-28 20:53:55,156  INFO [main] LoginPage:59 - Accept button clicked
2021-11-28 20:53:56,295  INFO [main] LoginPage:62 - Username entered
2021-11-28 20:53:57,386  INFO [main] LoginPage:65 - Password entered
2021-11-28 20:54:00,086  INFO [main] LoginPage:68 - Login button clicked
2021-11-28 20:54:00,102  INFO [main] LoginPage:76 - Login Successful
2021-11-28 20:54:00,854  INFO [main] Hooks:38 - ****LAUNCH BROWSER****
2021-11-28 20:54:00,855  INFO [main] Hooks:39 - ------------------------------------------------------------
2021-11-28 20:54:00,855  INFO [main] Hooks:40 - To perform Modify/Repair action for Profile
2021-11-28 20:54:00,856  INFO [main] Hooks:41 - ------------------------------------------------------------
2021-11-28 20:54:05,748  INFO [main] LoginPage:59 - Accept button clicked
2021-11-28 20:54:06,894  INFO [main] LoginPage:62 - Username entered
2021-11-28 20:54:07,987  INFO [main] LoginPage:65 - Password entered
2021-11-28 20:54:10,760  INFO [main] LoginPage:68 - Login button clicked
2021-11-28 20:54:10,778  INFO [main] LoginPage:76 - Login Successful
2021-11-28 20:54:11,571  INFO [main] Hooks:38 - ****LAUNCH BROWSER****
2021-11-28 20:54:11,572  INFO [main] Hooks:39 - ------------------------------------------------------------
2021-11-28 20:54:11,573  INFO [main] Hooks:40 - To Approve the Profile
2021-11-28 20:54:11,574  INFO [main] Hooks:41 - ------------------------------------------------------------
2021-11-28 20:54:16,321  INFO [main] LoginPage:59 - Accept button clicked
2021-11-28 20:54:17,457  INFO [main] LoginPage:62 - Username entered
2021-11-28 20:54:18,540  INFO [main] LoginPage:65 - Password entered
2021-11-28 20:54:21,307  INFO [main] LoginPage:68 - Login button clicked
2021-11-28 20:54:21,329  INFO [main] LoginPage:76 - Login Successful
2021-11-28 20:54:22,113  INFO [main] Hooks:38 - ****LAUNCH BROWSER****
2021-11-28 20:54:22,114  INFO [main] Hooks:39 - ------------------------------------------------------------
2021-11-28 20:54:22,114  INFO [main] Hooks:40 - To View the Profile
2021-11-28 20:54:22,114  INFO [main] Hooks:41 - ------------------------------------------------------------
2021-11-28 20:54:26,935  INFO [main] LoginPage:59 - Accept button clicked
2021-11-28 20:54:28,037  INFO [main] LoginPage:62 - Username entered
2021-11-28 20:54:29,127  INFO [main] LoginPage:65 - Password entered
2021-11-28 20:54:32,078  INFO [main] LoginPage:68 - Login button clicked
2021-11-28 20:54:32,103  INFO [main] LoginPage:76 - Login Successful
2021-11-28 20:54:32,826  INFO [main] Hooks:38 - ****LAUNCH BROWSER****
2021-11-28 20:54:32,826  INFO [main] Hooks:39 - ------------------------------------------------------------
2021-11-28 20:54:32,826  INFO [main] Hooks:40 - To Remove Profile
2021-11-28 20:54:32,826  INFO [main] Hooks:41 - ------------------------------------------------------------
2021-11-28 20:54:37,524  INFO [main] LoginPage:59 - Accept button clicked
2021-11-28 20:54:38,663  INFO [main] LoginPage:62 - Username entered
2021-11-28 20:54:39,746  INFO [main] LoginPage:65 - Password entered
2021-11-28 20:54:42,320  INFO [main] LoginPage:68 - Login button clicked
2021-11-28 20:54:42,339  INFO [main] LoginPage:76 - Login Successful
2021-11-28 20:54:43,089  INFO [main] Hooks:38 - ****LAUNCH BROWSER****
2021-11-28 20:54:43,089  INFO [main] Hooks:39 - ------------------------------------------------------------
2021-11-28 20:54:43,089  INFO [main] Hooks:40 - To Approve the Profile
2021-11-28 20:54:43,090  INFO [main] Hooks:41 - ------------------------------------------------------------
2021-11-28 20:54:47,706  INFO [main] LoginPage:59 - Accept button clicked
2021-11-28 20:54:48,824  INFO [main] LoginPage:62 - Username entered
2021-11-28 20:54:49,917  INFO [main] LoginPage:65 - Password entered
2021-11-28 20:54:52,444  INFO [main] LoginPage:68 - Login button clicked
2021-11-28 20:54:52,507  INFO [main] LoginPage:76 - Login Successful
2021-11-28 20:54:53,288  INFO [main] Hooks:38 - ****LAUNCH BROWSER****
2021-11-28 20:54:53,289  INFO [main] Hooks:39 - ------------------------------------------------------------
2021-11-28 20:54:53,289  INFO [main] Hooks:40 - To View the Profile
2021-11-28 20:54:53,289  INFO [main] Hooks:41 - ------------------------------------------------------------
2021-11-28 20:54:57,991  INFO [main] LoginPage:59 - Accept button clicked
2021-11-28 20:54:59,101  INFO [main] LoginPage:62 - Username entered
2021-11-28 20:55:00,187  INFO [main] LoginPage:65 - Password entered
2021-11-28 20:55:02,939  INFO [main] LoginPage:68 - Login button clicked
2021-11-28 20:55:02,954  INFO [main] LoginPage:76 - Login Successful
2021-11-28 22:41:47,893  INFO [main] Hooks:38 - ****LAUNCH BROWSER****
2021-11-28 22:41:47,897  INFO [main] Hooks:39 - ------------------------------------------------------------
2021-11-28 22:41:47,897  INFO [main] Hooks:40 - To Create Profile
2021-11-28 22:41:47,897  INFO [main] Hooks:41 - ------------------------------------------------------------
2021-11-28 22:41:54,418  INFO [main] LoginPage:59 - Accept button clicked
2021-11-28 22:41:55,540  INFO [main] LoginPage:62 - Username entered
2021-11-28 22:41:56,635  INFO [main] LoginPage:65 - Password entered
2021-11-28 22:41:59,547  INFO [main] LoginPage:68 - Login button clicked
2021-11-28 22:41:59,579  INFO [main] LoginPage:76 - Login Successful
2021-11-28 22:42:08,592  INFO [main] ProfilePage:203 - Cancel button is working fine
2021-11-28 22:42:11,428  INFO [main] ProfilePage:220 - Mandatory Fields Validation Message Displayed Is Incorrect
2021-11-28 22:42:19,708  INFO [main] ProfilePage:203 - Cancel button is working fine
2021-11-28 22:42:22,505  INFO [main] ProfilePage:220 - Mandatory Fields Validation Message Displayed Is Incorrect
2021-11-28 22:42:30,339  INFO [main] ProfilePage:203 - Cancel button is working fine
2021-11-28 22:42:33,138  INFO [main] ProfilePage:220 - Mandatory Fields Validation Message Displayed Is Incorrect
2021-11-28 22:42:44,608  INFO [main] Hooks:38 - ****LAUNCH BROWSER****
2021-11-28 22:42:44,609  INFO [main] Hooks:39 - ------------------------------------------------------------
2021-11-28 22:42:44,610  INFO [main] Hooks:40 - To Approve the Profile
2021-11-28 22:42:44,610  INFO [main] Hooks:41 - ------------------------------------------------------------
2021-11-28 22:42:49,870  INFO [main] LoginPage:59 - Accept button clicked
2021-11-28 22:42:50,981  INFO [main] LoginPage:62 - Username entered
2021-11-28 22:42:52,077  INFO [main] LoginPage:65 - Password entered
2021-11-28 22:42:54,955  INFO [main] LoginPage:68 - Login button clicked
2021-11-28 22:42:54,982  INFO [main] LoginPage:76 - Login Successful
2021-11-28 22:43:04,839  INFO [main] LoginPage:59 - Accept button clicked
2021-11-28 22:43:05,986  INFO [main] LoginPage:62 - Username entered
2021-11-28 22:43:07,073  INFO [main] LoginPage:65 - Password entered
2021-11-28 22:43:09,662  INFO [main] LoginPage:68 - Login button clicked
2021-11-28 22:43:09,686  INFO [main] LoginPage:76 - Login Successful
2021-11-28 22:43:17,815  INFO [main] ProfilePage:333 - Reset Button is working fine
2021-11-28 22:43:18,777  INFO [main] Hooks:38 - ****LAUNCH BROWSER****
2021-11-28 22:43:18,777  INFO [main] Hooks:39 - ------------------------------------------------------------
2021-11-28 22:43:18,778  INFO [main] Hooks:40 - To View the Profile
2021-11-28 22:43:18,778  INFO [main] Hooks:41 - ------------------------------------------------------------
2021-11-28 22:43:23,619  INFO [main] LoginPage:59 - Accept button clicked
2021-11-28 22:43:24,726  INFO [main] LoginPage:62 - Username entered
2021-11-28 22:43:25,819  INFO [main] LoginPage:65 - Password entered
2021-11-28 22:43:28,585  INFO [main] LoginPage:68 - Login button clicked
2021-11-28 22:43:28,600  INFO [main] LoginPage:76 - Login Successful
2021-11-28 22:43:35,801  INFO [main] ProfilePage:420 - Reset Button is working fine
2021-11-28 22:48:47,548  INFO [main] Hooks:38 - ****LAUNCH BROWSER****
2021-11-28 22:48:47,552  INFO [main] Hooks:39 - ------------------------------------------------------------
2021-11-28 22:48:47,552  INFO [main] Hooks:40 - To Create Profile
2021-11-28 22:48:47,553  INFO [main] Hooks:41 - ------------------------------------------------------------
2021-11-28 22:48:53,524  INFO [main] LoginPage:59 - Accept button clicked
2021-11-28 22:48:54,659  INFO [main] LoginPage:62 - Username entered
2021-11-28 22:48:55,739  INFO [main] LoginPage:65 - Password entered
2021-11-28 22:48:59,023  INFO [main] LoginPage:68 - Login button clicked
2021-11-28 22:48:59,055  INFO [main] LoginPage:76 - Login Successful
2021-11-28 22:49:07,915  INFO [main] ProfilePage:203 - Cancel button is working fine
2021-11-28 22:49:10,685  INFO [main] ProfilePage:219 - Mandatory Fields Validation Message Displayed Is Incorrect
2021-11-28 22:49:18,895  INFO [main] ProfilePage:203 - Cancel button is working fine
2021-11-28 22:49:21,639  INFO [main] ProfilePage:219 - Mandatory Fields Validation Message Displayed Is Incorrect
2021-11-28 22:49:29,606  INFO [main] ProfilePage:203 - Cancel button is working fine
2021-11-28 22:49:32,390  INFO [main] ProfilePage:219 - Mandatory Fields Validation Message Displayed Is Incorrect
2021-11-28 22:49:44,014  INFO [main] Hooks:38 - ****LAUNCH BROWSER****
2021-11-28 22:49:44,015  INFO [main] Hooks:39 - ------------------------------------------------------------
2021-11-28 22:49:44,016  INFO [main] Hooks:40 - To Approve the Profile
2021-11-28 22:49:44,016  INFO [main] Hooks:41 - ------------------------------------------------------------
2021-11-28 22:49:49,202  INFO [main] LoginPage:59 - Accept button clicked
2021-11-28 22:49:50,307  INFO [main] LoginPage:62 - Username entered
2021-11-28 22:49:51,404  INFO [main] LoginPage:65 - Password entered
2021-11-28 22:49:54,099  INFO [main] LoginPage:68 - Login button clicked
2021-11-28 22:49:54,120  INFO [main] LoginPage:76 - Login Successful
2021-11-28 22:50:04,413  INFO [main] LoginPage:59 - Accept button clicked
2021-11-28 22:50:05,555  INFO [main] LoginPage:62 - Username entered
2021-11-28 22:50:06,645  INFO [main] LoginPage:65 - Password entered
2021-11-28 22:50:09,477  INFO [main] LoginPage:68 - Login button clicked
2021-11-28 22:50:09,500  INFO [main] LoginPage:76 - Login Successful
2021-11-28 22:50:17,677  INFO [main] ProfilePage:332 - Reset Button is working fine
2021-11-28 22:50:20,589  INFO [main] ProfilePage:332 - Reset Button is working fine
2021-11-28 22:50:23,529  INFO [main] ProfilePage:332 - Reset Button is working fine
2021-11-28 22:50:24,964  INFO [main] ProfilePage:384 - Record With Values  TestProfile113 Sent To Repair Queue Successfully
2021-11-28 22:50:30,241  INFO [main] Hooks:38 - ****LAUNCH BROWSER****
2021-11-28 22:50:30,241  INFO [main] Hooks:39 - ------------------------------------------------------------
2021-11-28 22:50:30,241  INFO [main] Hooks:40 - To View the Profile
2021-11-28 22:50:30,241  INFO [main] Hooks:41 - ------------------------------------------------------------
2021-11-28 22:50:35,471  INFO [main] LoginPage:59 - Accept button clicked
2021-11-28 22:50:36,613  INFO [main] LoginPage:62 - Username entered
2021-11-28 22:50:37,704  INFO [main] LoginPage:65 - Password entered
2021-11-28 22:50:40,533  INFO [main] LoginPage:68 - Login button clicked
2021-11-28 22:50:40,561  INFO [main] LoginPage:76 - Login Successful
2021-11-28 22:50:47,844  INFO [main] ProfilePage:419 - Reset Button is working fine
2021-11-28 23:03:39,712  INFO [main] Hooks:38 - ****LAUNCH BROWSER****
2021-11-28 23:03:39,716  INFO [main] Hooks:39 - ------------------------------------------------------------
2021-11-28 23:03:39,717  INFO [main] Hooks:40 - To Create Profile
2021-11-28 23:03:39,717  INFO [main] Hooks:41 - ------------------------------------------------------------
2021-11-28 23:03:46,056  INFO [main] LoginPage:59 - Accept button clicked
2021-11-28 23:03:47,164  INFO [main] LoginPage:62 - Username entered
2021-11-28 23:03:48,247  INFO [main] LoginPage:65 - Password entered
2021-11-28 23:03:51,193  INFO [main] LoginPage:68 - Login button clicked
2021-11-28 23:03:51,226  INFO [main] LoginPage:76 - Login Successful
2021-11-28 23:04:00,136  INFO [main] ProfilePage:203 - Cancel button is working fine
2021-11-28 23:04:02,878  INFO [main] ProfilePage:219 - Mandatory Fields Validation Message Displayed Is Incorrect
2021-11-28 23:04:04,569  INFO [main] ProfilePage:232 - Duplicate Record Found Record With Profile TestProfile111 Already Exists
2021-11-28 23:04:07,195  INFO [main] ProfilePage:203 - Cancel button is working fine
2021-11-28 23:04:10,012  INFO [main] ProfilePage:219 - Mandatory Fields Validation Message Displayed Is Incorrect
2021-11-28 23:04:12,779  INFO [main] ProfilePage:243 - Record With Profile Name TestProfile112 Added Successfully
2021-11-28 23:04:15,476  INFO [main] ProfilePage:203 - Cancel button is working fine
2021-11-28 23:04:18,270  INFO [main] ProfilePage:219 - Mandatory Fields Validation Message Displayed Is Incorrect
2021-11-28 23:04:19,992  INFO [main] ProfilePage:232 - Duplicate Record Found Record With Profile TestProfile113 Already Exists
2021-11-28 23:04:26,442  INFO [main] Hooks:38 - ****LAUNCH BROWSER****
2021-11-28 23:04:26,442  INFO [main] Hooks:39 - ------------------------------------------------------------
2021-11-28 23:04:26,443  INFO [main] Hooks:40 - To Approve the Profile
2021-11-28 23:04:26,443  INFO [main] Hooks:41 - ------------------------------------------------------------
2021-11-28 23:04:31,318  INFO [main] LoginPage:59 - Accept button clicked
2021-11-28 23:04:32,458  INFO [main] LoginPage:62 - Username entered
2021-11-28 23:04:33,550  INFO [main] LoginPage:65 - Password entered
2021-11-28 23:04:36,243  INFO [main] LoginPage:68 - Login button clicked
2021-11-28 23:04:36,271  INFO [main] LoginPage:76 - Login Successful
2021-11-28 23:04:46,316  INFO [main] LoginPage:59 - Accept button clicked
2021-11-28 23:04:47,459  INFO [main] LoginPage:62 - Username entered
2021-11-28 23:04:48,552  INFO [main] LoginPage:65 - Password entered
2021-11-28 23:04:51,216  INFO [main] LoginPage:68 - Login button clicked
2021-11-28 23:04:51,239  INFO [main] LoginPage:76 - Login Successful
2021-11-28 23:04:59,388  INFO [main] ProfilePage:331 - Reset Button is working fine
2021-11-28 23:04:59,734  INFO [main] ProfilePage:345 - Record With TestProfile111 Not Found For Approve Operation
2021-11-28 23:05:01,159  INFO [main] ProfilePage:331 - Reset Button is working fine
2021-11-28 23:05:02,835  INFO [main] ProfilePage:376 - Record With Values  TestProfile112 Rejected Successfully
2021-11-28 23:05:04,262  INFO [main] ProfilePage:331 - Reset Button is working fine
2021-11-28 23:05:04,581  INFO [main] ProfilePage:345 - Record With TestProfile113 Not Found For Approve Operation
2021-11-28 23:05:09,966  INFO [main] Hooks:38 - ****LAUNCH BROWSER****
2021-11-28 23:05:09,966  INFO [main] Hooks:39 - ------------------------------------------------------------
2021-11-28 23:05:09,966  INFO [main] Hooks:40 - To View the Profile
2021-11-28 23:05:09,967  INFO [main] Hooks:41 - ------------------------------------------------------------
2021-11-28 23:05:15,167  INFO [main] LoginPage:59 - Accept button clicked
2021-11-28 23:05:16,309  INFO [main] LoginPage:62 - Username entered
2021-11-28 23:05:17,397  INFO [main] LoginPage:65 - Password entered
2021-11-28 23:05:20,430  INFO [main] LoginPage:68 - Login button clicked
2021-11-28 23:05:20,458  INFO [main] LoginPage:76 - Login Successful
2021-11-28 23:05:27,761  INFO [main] ProfilePage:421 - Reset Button is working fine
2021-11-28 23:07:53,497  INFO [main] Hooks:38 - ****LAUNCH BROWSER****
2021-11-28 23:07:53,503  INFO [main] Hooks:39 - ------------------------------------------------------------
2021-11-28 23:07:53,503  INFO [main] Hooks:40 - To View the Profile
2021-11-28 23:07:53,504  INFO [main] Hooks:41 - ------------------------------------------------------------
2021-11-28 23:07:59,363  INFO [main] LoginPage:59 - Accept button clicked
2021-11-28 23:08:00,507  INFO [main] LoginPage:62 - Username entered
2021-11-28 23:08:01,620  INFO [main] LoginPage:65 - Password entered
2021-11-28 23:08:04,269  INFO [main] LoginPage:68 - Login button clicked
2021-11-28 23:08:04,293  INFO [main] LoginPage:76 - Login Successful
2021-11-28 23:08:12,166  INFO [main] ProfilePage:421 - Reset Button is working fine
2021-11-28 23:08:16,788  INFO [main] ProfilePage:446 - Record With TestProfile111 Is Displayed In List With Status ACTIVE
2021-11-28 23:08:18,337  INFO [main] ProfilePage:421 - Reset Button is working fine
2021-11-28 23:08:19,831  INFO [main] ProfilePage:436 - Record With TestProfile112 Not Found For List Operation
2021-11-28 23:08:21,393  INFO [main] ProfilePage:421 - Reset Button is working fine
2021-11-28 23:08:25,938  INFO [main] ProfilePage:446 - Record With TestProfile113 Is Displayed In List With Status REPAIR
2021-11-28 23:09:33,482  INFO [main] Hooks:38 - ****LAUNCH BROWSER****
2021-11-28 23:09:33,488  INFO [main] Hooks:39 - ------------------------------------------------------------
2021-11-28 23:09:33,489  INFO [main] Hooks:40 - To Remove Profile
2021-11-28 23:09:33,489  INFO [main] Hooks:41 - ------------------------------------------------------------
2021-11-28 23:09:40,475  INFO [main] LoginPage:59 - Accept button clicked
2021-11-28 23:09:41,617  INFO [main] LoginPage:62 - Username entered
2021-11-28 23:09:42,735  INFO [main] LoginPage:65 - Password entered
2021-11-28 23:09:45,417  INFO [main] LoginPage:68 - Login button clicked
2021-11-28 23:09:45,456  INFO [main] LoginPage:76 - Login Successful
2021-11-28 23:09:53,402  INFO [main] ProfilePage:271 - Reset Button is working fine
2021-11-28 23:09:56,308  INFO [main] ProfilePage:298 - Record With Profile TestProfile111Removed Successfully 
2021-11-28 23:10:01,595  INFO [main] Hooks:38 - ****LAUNCH BROWSER****
2021-11-28 23:10:01,596  INFO [main] Hooks:39 - ------------------------------------------------------------
2021-11-28 23:10:01,596  INFO [main] Hooks:40 - To Approve the Profile
2021-11-28 23:10:01,596  INFO [main] Hooks:41 - ------------------------------------------------------------
2021-11-28 23:10:06,913  INFO [main] LoginPage:59 - Accept button clicked
2021-11-28 23:10:08,061  INFO [main] LoginPage:62 - Username entered
2021-11-28 23:10:09,147  INFO [main] LoginPage:65 - Password entered
2021-11-28 23:10:11,801  INFO [main] LoginPage:68 - Login button clicked
2021-11-28 23:10:11,827  INFO [main] LoginPage:76 - Login Successful
2021-11-28 23:10:22,224  INFO [main] LoginPage:59 - Accept button clicked
2021-11-28 23:10:23,354  INFO [main] LoginPage:62 - Username entered
2021-11-28 23:10:24,437  INFO [main] LoginPage:65 - Password entered
2021-11-28 23:10:27,336  INFO [main] LoginPage:68 - Login button clicked
2021-11-28 23:10:27,359  INFO [main] LoginPage:76 - Login Successful
2021-11-28 23:10:35,676  INFO [main] ProfilePage:331 - Reset Button is working fine
2021-11-28 23:10:37,135  INFO [main] ProfilePage:376 - Record With Values  TestProfile111 Rejected Successfully
2021-11-28 23:10:42,563  INFO [main] Hooks:38 - ****LAUNCH BROWSER****
2021-11-28 23:10:42,563  INFO [main] Hooks:39 - ------------------------------------------------------------
2021-11-28 23:10:42,563  INFO [main] Hooks:40 - To View the Profile
2021-11-28 23:10:42,564  INFO [main] Hooks:41 - ------------------------------------------------------------
2021-11-28 23:10:47,308  INFO [main] LoginPage:59 - Accept button clicked
2021-11-28 23:10:48,396  INFO [main] LoginPage:62 - Username entered
2021-11-28 23:10:49,479  INFO [main] LoginPage:65 - Password entered
2021-11-28 23:10:52,074  INFO [main] LoginPage:68 - Login button clicked
2021-11-28 23:10:52,102  INFO [main] LoginPage:76 - Login Successful
2021-11-28 23:10:59,384  INFO [main] ProfilePage:421 - Reset Button is working fine
2021-11-28 23:11:04,012  INFO [main] ProfilePage:446 - Record With TestProfile111 Is Displayed In List With Status ACTIVE
2021-11-28 23:16:16,311  INFO [main] Hooks:38 - ****LAUNCH BROWSER****
2021-11-28 23:16:16,314  INFO [main] Hooks:39 - ------------------------------------------------------------
2021-11-28 23:16:16,315  INFO [main] Hooks:40 - To perform Modify/Repair action for Profile
2021-11-28 23:16:16,315  INFO [main] Hooks:41 - ------------------------------------------------------------
2021-11-28 23:16:22,217  INFO [main] LoginPage:59 - Accept button clicked
2021-11-28 23:16:23,361  INFO [main] LoginPage:62 - Username entered
2021-11-28 23:16:24,456  INFO [main] LoginPage:65 - Password entered
2021-11-28 23:16:27,325  INFO [main] LoginPage:68 - Login button clicked
2021-11-28 23:16:27,355  INFO [main] LoginPage:76 - Login Successful
2021-11-28 23:16:34,482  INFO [main] Hooks:38 - ****LAUNCH BROWSER****
2021-11-28 23:16:34,482  INFO [main] Hooks:39 - ------------------------------------------------------------
2021-11-28 23:16:34,482  INFO [main] Hooks:40 - To Approve the Profile
2021-11-28 23:16:34,483  INFO [main] Hooks:41 - ------------------------------------------------------------
2021-11-28 23:16:39,548  INFO [main] LoginPage:59 - Accept button clicked
2021-11-28 23:16:40,690  INFO [main] LoginPage:62 - Username entered
2021-11-28 23:16:41,775  INFO [main] LoginPage:65 - Password entered
2021-11-28 23:17:36,305  INFO [main] Hooks:38 - ****LAUNCH BROWSER****
2021-11-28 23:17:36,309  INFO [main] Hooks:39 - ------------------------------------------------------------
2021-11-28 23:17:36,310  INFO [main] Hooks:40 - To perform Modify/Repair action for Profile
2021-11-28 23:17:36,310  INFO [main] Hooks:41 - ------------------------------------------------------------
2021-11-28 23:17:42,348  INFO [main] LoginPage:59 - Accept button clicked
2021-11-28 23:17:43,511  INFO [main] LoginPage:62 - Username entered
2021-11-28 23:17:44,602  INFO [main] LoginPage:65 - Password entered
2021-11-28 23:17:47,518  INFO [main] LoginPage:68 - Login button clicked
2021-11-28 23:17:47,548  INFO [main] LoginPage:76 - Login Successful
2021-11-28 23:17:55,187  INFO [main] ProfilePage:478 - Reset Button Is Working Fine
2021-11-28 23:17:57,623  INFO [main] Hooks:38 - ****LAUNCH BROWSER****
2021-11-28 23:17:57,623  INFO [main] Hooks:39 - ------------------------------------------------------------
2021-11-28 23:17:57,623  INFO [main] Hooks:40 - To Approve the Profile
2021-11-28 23:17:57,623  INFO [main] Hooks:41 - ------------------------------------------------------------
2021-11-28 23:18:02,633  INFO [main] LoginPage:59 - Accept button clicked
2021-11-28 23:20:52,338  INFO [main] Hooks:38 - ****LAUNCH BROWSER****
2021-11-28 23:20:52,341  INFO [main] Hooks:39 - ------------------------------------------------------------
2021-11-28 23:20:52,342  INFO [main] Hooks:40 - To perform Modify/Repair action for Profile
2021-11-28 23:20:52,342  INFO [main] Hooks:41 - ------------------------------------------------------------
2021-11-28 23:20:58,486  INFO [main] LoginPage:59 - Accept button clicked
2021-11-28 23:20:59,576  INFO [main] LoginPage:62 - Username entered
2021-11-28 23:21:00,668  INFO [main] LoginPage:65 - Password entered
2021-11-28 23:21:03,341  INFO [main] LoginPage:68 - Login button clicked
2021-11-28 23:21:03,376  INFO [main] LoginPage:76 - Login Successful
2021-11-28 23:21:11,129  INFO [main] ProfilePage:478 - Reset Button Is Working Fine
2021-11-28 23:21:13,343  INFO [main] Hooks:38 - ****LAUNCH BROWSER****
2021-11-28 23:21:13,344  INFO [main] Hooks:39 - ------------------------------------------------------------
2021-11-28 23:21:13,344  INFO [main] Hooks:40 - To Approve the Profile
2021-11-28 23:21:13,344  INFO [main] Hooks:41 - ------------------------------------------------------------
2021-11-28 23:21:18,111  INFO [main] LoginPage:59 - Accept button clicked
2021-11-28 23:21:19,205  INFO [main] LoginPage:62 - Username entered
2021-11-28 23:21:20,294  INFO [main] LoginPage:65 - Password entered
2021-11-28 23:21:22,870  INFO [main] LoginPage:68 - Login button clicked
2021-11-28 23:21:22,891  INFO [main] LoginPage:76 - Login Successful
2021-11-28 23:27:14,914  INFO [main] Hooks:38 - ****LAUNCH BROWSER****
2021-11-28 23:27:14,917  INFO [main] Hooks:39 - ------------------------------------------------------------
2021-11-28 23:27:14,918  INFO [main] Hooks:40 - To perform Modify/Repair action for Profile
2021-11-28 23:27:14,918  INFO [main] Hooks:41 - ------------------------------------------------------------
2021-11-28 23:27:21,046  INFO [main] LoginPage:59 - Accept button clicked
2021-11-28 23:27:22,189  INFO [main] LoginPage:62 - Username entered
2021-11-28 23:27:23,273  INFO [main] LoginPage:65 - Password entered
2021-11-28 23:27:25,970  INFO [main] LoginPage:68 - Login button clicked
2021-11-28 23:27:26,003  INFO [main] LoginPage:76 - Login Successful
2021-11-28 23:27:33,706  INFO [main] ProfilePage:478 - Reset Button Is Working Fine
2021-11-28 23:27:35,907  INFO [main] Hooks:38 - ****LAUNCH BROWSER****
2021-11-28 23:27:35,908  INFO [main] Hooks:39 - ------------------------------------------------------------
2021-11-28 23:27:35,908  INFO [main] Hooks:40 - To Approve the Profile
2021-11-28 23:27:35,908  INFO [main] Hooks:41 - ------------------------------------------------------------
2021-11-28 23:39:33,022  INFO [main] Hooks:38 - ****LAUNCH BROWSER****
2021-11-28 23:39:33,026  INFO [main] Hooks:39 - ------------------------------------------------------------
2021-11-28 23:39:33,026  INFO [main] Hooks:40 - To perform Modify/Repair action for Profile
2021-11-28 23:39:33,027  INFO [main] Hooks:41 - ------------------------------------------------------------
2021-11-28 23:39:38,691  INFO [main] LoginPage:59 - Accept button clicked
2021-11-28 23:39:39,812  INFO [main] LoginPage:62 - Username entered
2021-11-28 23:39:40,898  INFO [main] LoginPage:65 - Password entered
2021-11-28 23:39:43,603  INFO [main] LoginPage:68 - Login button clicked
2021-11-28 23:39:43,635  INFO [main] LoginPage:76 - Login Successful
2021-11-28 23:39:51,253  INFO [main] ProfilePage:478 - Reset Button Is Working Fine
2021-11-28 23:39:54,671  INFO [main] ProfilePage:506 - Cancel button is working fine
2021-11-28 23:39:59,366  INFO [main] ProfilePage:532 - Mandatory Fields Validation Message For Profile Modify/Repair Screen Displayed Is Incorrect
2021-11-28 23:40:07,921  INFO [main] Hooks:38 - ****LAUNCH BROWSER****
2021-11-28 23:40:07,921  INFO [main] Hooks:39 - ------------------------------------------------------------
2021-11-28 23:40:07,922  INFO [main] Hooks:40 - To Approve the Profile
2021-11-28 23:40:07,922  INFO [main] Hooks:41 - ------------------------------------------------------------
2021-11-28 23:40:13,344  INFO [main] LoginPage:59 - Accept button clicked
2021-11-28 23:40:14,474  INFO [main] LoginPage:62 - Username entered
2021-11-28 23:40:15,567  INFO [main] LoginPage:65 - Password entered
2021-11-28 23:40:18,455  INFO [main] LoginPage:68 - Login button clicked
2021-11-28 23:40:18,475  INFO [main] LoginPage:76 - Login Successful
2021-11-28 23:40:28,473  INFO [main] LoginPage:59 - Accept button clicked
2021-11-28 23:40:29,606  INFO [main] LoginPage:62 - Username entered
2021-11-28 23:40:30,701  INFO [main] LoginPage:65 - Password entered
2021-11-28 23:40:33,296  INFO [main] LoginPage:68 - Login button clicked
2021-11-28 23:40:33,322  INFO [main] LoginPage:76 - Login Successful
2021-11-28 23:40:41,507  INFO [main] ProfilePage:331 - Reset Button is working fine
2021-11-28 23:40:43,109  INFO [main] ProfilePage:364 - Record With Profile TestProfile1111 Approved Successfully
2021-11-28 23:40:48,392  INFO [main] Hooks:38 - ****LAUNCH BROWSER****
2021-11-28 23:40:48,393  INFO [main] Hooks:39 - ------------------------------------------------------------
2021-11-28 23:40:48,393  INFO [main] Hooks:40 - To View the Profile
2021-11-28 23:40:48,394  INFO [main] Hooks:41 - ------------------------------------------------------------
2021-11-28 23:40:53,354  INFO [main] LoginPage:59 - Accept button clicked
2021-11-28 23:40:54,493  INFO [main] LoginPage:62 - Username entered
2021-11-28 23:40:55,588  INFO [main] LoginPage:65 - Password entered
2021-11-28 23:40:58,325  INFO [main] LoginPage:68 - Login button clicked
2021-11-28 23:40:58,339  INFO [main] LoginPage:76 - Login Successful
2021-11-28 23:41:05,685  INFO [main] ProfilePage:421 - Reset Button is working fine
2021-11-28 23:41:10,595  INFO [main] ProfilePage:446 - Record With TestProfile1111 Is Displayed In List With Status ACTIVE
2021-11-28 23:42:46,631  INFO [main] Hooks:38 - ****LAUNCH BROWSER****
2021-11-28 23:42:46,634  INFO [main] Hooks:39 - ------------------------------------------------------------
2021-11-28 23:42:46,634  INFO [main] Hooks:40 - To perform Modify/Repair action for Profile
2021-11-28 23:42:46,635  INFO [main] Hooks:41 - ------------------------------------------------------------
2021-11-28 23:42:52,954  INFO [main] LoginPage:59 - Accept button clicked
2021-11-28 23:42:54,092  INFO [main] LoginPage:62 - Username entered
2021-11-28 23:42:55,185  INFO [main] LoginPage:65 - Password entered
2021-11-28 23:42:57,755  INFO [main] LoginPage:68 - Login button clicked
2021-11-28 23:42:57,791  INFO [main] LoginPage:76 - Login Successful
2021-11-28 23:43:05,506  INFO [main] ProfilePage:478 - Reset Button Is Working Fine
2021-11-28 23:43:09,101  INFO [main] ProfilePage:506 - Cancel button is working fine
2021-11-28 23:43:13,903  INFO [main] ProfilePage:532 - Mandatory Fields Validation Message For Profile Modify/Repair Screen Displayed Is Incorrect
2021-11-28 23:43:22,728  INFO [main] Hooks:38 - ****LAUNCH BROWSER****
2021-11-28 23:43:22,729  INFO [main] Hooks:39 - ------------------------------------------------------------
2021-11-28 23:43:22,729  INFO [main] Hooks:40 - To Approve the Profile
2021-11-28 23:43:22,729  INFO [main] Hooks:41 - ------------------------------------------------------------
2021-11-28 23:43:27,792  INFO [main] LoginPage:59 - Accept button clicked
2021-11-28 23:43:28,941  INFO [main] LoginPage:62 - Username entered
2021-11-28 23:43:30,030  INFO [main] LoginPage:65 - Password entered
2021-11-28 23:43:32,697  INFO [main] LoginPage:68 - Login button clicked
2021-11-28 23:43:32,712  INFO [main] LoginPage:76 - Login Successful
2021-11-28 23:43:43,013  INFO [main] LoginPage:59 - Accept button clicked
2021-11-28 23:43:44,151  INFO [main] LoginPage:62 - Username entered
2021-11-28 23:43:45,247  INFO [main] LoginPage:65 - Password entered
2021-11-28 23:43:47,209  INFO [main] LoginPage:68 - Login button clicked
2021-11-28 23:43:47,238  INFO [main] LoginPage:76 - Login Successful
2021-11-28 23:43:55,395  INFO [main] ProfilePage:331 - Reset Button is working fine
2021-11-29 10:20:09,281  INFO [main] Hooks:38 - ****LAUNCH BROWSER****
2021-11-29 10:20:09,286  INFO [main] Hooks:39 - ------------------------------------------------------------
2021-11-29 10:20:09,286  INFO [main] Hooks:40 - To perform Modify/Repair action for user
2021-11-29 10:20:09,287  INFO [main] Hooks:41 - ------------------------------------------------------------
2021-11-29 10:20:16,552  INFO [main] LoginPage:59 - Accept button clicked
2021-11-29 10:20:17,701  INFO [main] LoginPage:62 - Username entered
2021-11-29 10:20:18,792  INFO [main] LoginPage:65 - Password entered
2021-11-29 10:20:21,595  INFO [main] LoginPage:68 - Login button clicked
2021-11-29 10:20:21,633  INFO [main] LoginPage:76 - Login Successful
2021-11-29 10:20:31,150  INFO [main] Hooks:38 - ****LAUNCH BROWSER****
2021-11-29 10:20:31,151  INFO [main] Hooks:39 - ------------------------------------------------------------
2021-11-29 10:20:31,152  INFO [main] Hooks:40 - To Approve the User
2021-11-29 10:20:31,152  INFO [main] Hooks:41 - ------------------------------------------------------------
2021-11-29 10:24:58,800  INFO [main] Hooks:38 - ****LAUNCH BROWSER****
2021-11-29 10:24:58,804  INFO [main] Hooks:39 - ------------------------------------------------------------
2021-11-29 10:24:58,804  INFO [main] Hooks:40 - To perform Modify/Repair action for user
2021-11-29 10:24:58,805  INFO [main] Hooks:41 - ------------------------------------------------------------
2021-11-29 10:25:04,502  INFO [main] LoginPage:59 - Accept button clicked
2021-11-29 10:25:05,636  INFO [main] LoginPage:62 - Username entered
2021-11-29 10:25:06,722  INFO [main] LoginPage:65 - Password entered
2021-11-29 10:25:09,270  INFO [main] LoginPage:68 - Login button clicked
2021-11-29 10:25:09,308  INFO [main] LoginPage:76 - Login Successful
2021-11-29 10:25:18,379  INFO [main] UserPage:621 - Reset Button is working fine
2021-11-29 10:25:18,904  INFO [main] UserPage:637 - Record With Values [ null ,  , dipti , ADMIN ] Not Found For Modify/Repair Operation
2021-11-29 10:26:14,136  INFO [main] Hooks:38 - ****LAUNCH BROWSER****
2021-11-29 10:26:14,140  INFO [main] Hooks:39 - ------------------------------------------------------------
2021-11-29 10:26:14,140  INFO [main] Hooks:40 - To perform Modify/Repair action for user
2021-11-29 10:26:14,140  INFO [main] Hooks:41 - ------------------------------------------------------------
2021-11-29 10:26:20,580  INFO [main] LoginPage:59 - Accept button clicked
2021-11-29 10:26:21,725  INFO [main] LoginPage:62 - Username entered
2021-11-29 10:26:22,806  INFO [main] LoginPage:65 - Password entered
2021-11-29 10:26:27,465  INFO [main] LoginPage:68 - Login button clicked
2021-11-29 10:26:27,494  INFO [main] LoginPage:76 - Login Successful
2021-11-29 10:26:36,759  INFO [main] UserPage:621 - Reset Button is working fine
2021-11-29 10:26:37,572  INFO [main] UserPage:637 - Record With Values [ checker2 ,  , dipti , ADMIN ] Not Found For Modify/Repair Operation
2021-11-29 10:26:43,011  INFO [main] Hooks:38 - ****LAUNCH BROWSER****
2021-11-29 10:26:43,011  INFO [main] Hooks:39 - ------------------------------------------------------------
2021-11-29 10:26:43,011  INFO [main] Hooks:40 - To Approve the User
2021-11-29 10:26:43,011  INFO [main] Hooks:41 - ------------------------------------------------------------
2021-11-29 10:32:43,417  INFO [main] Hooks:38 - ****LAUNCH BROWSER****
2021-11-29 10:32:43,421  INFO [main] Hooks:39 - ------------------------------------------------------------
2021-11-29 10:32:43,421  INFO [main] Hooks:40 - To perform Modify/Repair action for user
2021-11-29 10:32:43,421  INFO [main] Hooks:41 - ------------------------------------------------------------
2021-11-29 10:32:50,137  INFO [main] LoginPage:59 - Accept button clicked
2021-11-29 10:32:51,280  INFO [main] LoginPage:62 - Username entered
2021-11-29 10:32:52,368  INFO [main] LoginPage:65 - Password entered
2021-11-29 10:32:54,436  INFO [main] LoginPage:68 - Login button clicked
2021-11-29 10:32:54,473  INFO [main] LoginPage:76 - Login Successful
2021-11-29 10:33:03,503  INFO [main] UserPage:621 - Reset Button is working fine
2021-11-29 10:33:06,827  INFO [main] Hooks:38 - ****LAUNCH BROWSER****
2021-11-29 10:33:06,827  INFO [main] Hooks:39 - ------------------------------------------------------------
2021-11-29 10:33:06,827  INFO [main] Hooks:40 - To Approve the User
2021-11-29 10:33:06,828  INFO [main] Hooks:41 - ------------------------------------------------------------
2021-11-29 10:35:06,410  INFO [main] Hooks:38 - ****LAUNCH BROWSER****
2021-11-29 10:35:06,413  INFO [main] Hooks:39 - ------------------------------------------------------------
2021-11-29 10:35:06,413  INFO [main] Hooks:40 - To perform Modify/Repair action for user
2021-11-29 10:35:06,413  INFO [main] Hooks:41 - ------------------------------------------------------------
2021-11-29 10:35:12,413  INFO [main] LoginPage:59 - Accept button clicked
2021-11-29 10:35:13,545  INFO [main] LoginPage:62 - Username entered
2021-11-29 10:35:14,650  INFO [main] LoginPage:65 - Password entered
2021-11-29 10:35:17,632  INFO [main] LoginPage:68 - Login button clicked
2021-11-29 10:35:17,662  INFO [main] LoginPage:76 - Login Successful
2021-11-29 10:35:26,693  INFO [main] UserPage:621 - Reset Button is working fine
2021-11-29 10:35:33,647  INFO [main] UserPage:688 - Record With UserName null Modified Successfully
2021-11-29 10:35:38,986  INFO [main] Hooks:38 - ****LAUNCH BROWSER****
2021-11-29 10:35:38,986  INFO [main] Hooks:39 - ------------------------------------------------------------
2021-11-29 10:35:38,986  INFO [main] Hooks:40 - To Approve the User
2021-11-29 10:35:38,987  INFO [main] Hooks:41 - ------------------------------------------------------------
2021-11-29 10:35:44,206  INFO [main] LoginPage:59 - Accept button clicked
2021-11-29 10:35:45,331  INFO [main] LoginPage:62 - Username entered
2021-11-29 10:35:46,424  INFO [main] LoginPage:65 - Password entered
2021-11-29 10:35:49,251  INFO [main] LoginPage:68 - Login button clicked
2021-11-29 10:35:49,264  INFO [main] LoginPage:76 - Login Successful
2021-11-29 10:35:59,620  INFO [main] LoginPage:59 - Accept button clicked
2021-11-29 10:36:00,786  INFO [main] LoginPage:62 - Username entered
2021-11-29 10:36:01,873  INFO [main] LoginPage:65 - Password entered
2021-11-29 10:36:04,703  INFO [main] LoginPage:68 - Login button clicked
2021-11-29 10:36:04,731  INFO [main] LoginPage:76 - Login Successful
2021-11-29 10:36:14,149  INFO [main] UserPage:382 - Reset Button is working fine
2021-11-29 10:36:14,887  INFO [main] UserPage:398 - Record With Values [ null , KKBK0001759 , testname , ADMIN ] Not Found For Approve Operation
2021-11-29 10:36:20,181  INFO [main] Hooks:38 - ****LAUNCH BROWSER****
2021-11-29 10:36:20,182  INFO [main] Hooks:39 - ------------------------------------------------------------
2021-11-29 10:36:20,182  INFO [main] Hooks:40 - To View the User
2021-11-29 10:36:20,183  INFO [main] Hooks:41 - ------------------------------------------------------------
2021-11-29 10:36:25,285  INFO [main] LoginPage:59 - Accept button clicked
2021-11-29 10:36:26,432  INFO [main] LoginPage:62 - Username entered
2021-11-29 10:36:27,520  INFO [main] LoginPage:65 - Password entered
2021-11-29 10:36:30,553  INFO [main] LoginPage:68 - Login button clicked
2021-11-29 10:36:30,581  INFO [main] LoginPage:76 - Login Successful
2021-11-29 10:36:39,203  INFO [main] UserPage:728 - Reset Button is working fine
2021-11-29 10:36:41,008  INFO [main] UserPage:746 - Record With Values [ null , KKBK0001759 , testname , ADMIN ] Not Found For List Operation
2021-11-29 10:39:11,496  INFO [main] Hooks:38 - ****LAUNCH BROWSER****
2021-11-29 10:39:11,501  INFO [main] Hooks:39 - ------------------------------------------------------------
2021-11-29 10:39:11,501  INFO [main] Hooks:40 - To perform Modify/Repair action for user
2021-11-29 10:39:11,502  INFO [main] Hooks:41 - ------------------------------------------------------------
2021-11-29 10:39:17,698  INFO [main] LoginPage:59 - Accept button clicked
2021-11-29 10:39:18,828  INFO [main] LoginPage:62 - Username entered
2021-11-29 10:39:19,904  INFO [main] LoginPage:65 - Password entered
2021-11-29 10:39:23,097  INFO [main] LoginPage:68 - Login button clicked
2021-11-29 10:39:23,126  INFO [main] LoginPage:76 - Login Successful
2021-11-29 10:39:32,236  INFO [main] UserPage:621 - Reset Button is working fine
2021-11-29 10:39:44,404  INFO [main] Hooks:38 - ****LAUNCH BROWSER****
2021-11-29 10:39:44,404  INFO [main] Hooks:39 - ------------------------------------------------------------
2021-11-29 10:39:44,404  INFO [main] Hooks:40 - To Approve the User
2021-11-29 10:39:44,404  INFO [main] Hooks:41 - ------------------------------------------------------------
2021-11-29 10:39:49,384  INFO [main] LoginPage:59 - Accept button clicked
2021-11-29 10:39:50,544  INFO [main] LoginPage:62 - Username entered
2021-11-29 10:39:51,635  INFO [main] LoginPage:65 - Password entered
2021-11-29 10:39:54,603  INFO [main] LoginPage:68 - Login button clicked
2021-11-29 10:39:54,620  INFO [main] LoginPage:76 - Login Successful
2021-11-29 10:40:05,141  INFO [main] LoginPage:59 - Accept button clicked
2021-11-29 10:40:06,270  INFO [main] LoginPage:62 - Username entered
2021-11-29 10:40:07,357  INFO [main] LoginPage:65 - Password entered
2021-11-29 10:40:10,698  INFO [main] LoginPage:68 - Login button clicked
2021-11-29 10:40:10,719  INFO [main] LoginPage:76 - Login Successful
2021-11-29 10:40:20,453  INFO [main] UserPage:382 - Reset Button is working fine
2021-11-29 10:40:20,982  INFO [main] UserPage:398 - Record With Values [ null , KKBK0001759 , testname ,  ] Not Found For Approve Operation
2021-11-29 10:40:26,373  INFO [main] Hooks:38 - ****LAUNCH BROWSER****
2021-11-29 10:40:26,373  INFO [main] Hooks:39 - ------------------------------------------------------------
2021-11-29 10:40:26,373  INFO [main] Hooks:40 - To View the User
2021-11-29 10:40:26,374  INFO [main] Hooks:41 - ------------------------------------------------------------
2021-11-29 10:40:31,887  INFO [main] LoginPage:59 - Accept button clicked
2021-11-29 10:40:32,979  INFO [main] LoginPage:62 - Username entered
2021-11-29 10:40:34,074  INFO [main] LoginPage:65 - Password entered
2021-11-29 10:40:37,203  INFO [main] LoginPage:68 - Login button clicked
2021-11-29 10:40:37,232  INFO [main] LoginPage:76 - Login Successful
2021-11-29 10:40:45,849  INFO [main] UserPage:728 - Reset Button is working fine
2021-11-29 10:40:47,519  INFO [main] UserPage:746 - Record With Values [ null , KKBK0001759 , testname ,  ] Not Found For List Operation
2021-11-29 10:41:53,736  INFO [main] Hooks:38 - ****LAUNCH BROWSER****
2021-11-29 10:41:53,741  INFO [main] Hooks:39 - ------------------------------------------------------------
2021-11-29 10:41:53,741  INFO [main] Hooks:40 - To Approve the User
2021-11-29 10:41:53,741  INFO [main] Hooks:41 - ------------------------------------------------------------
2021-11-29 10:41:59,822  INFO [main] LoginPage:59 - Accept button clicked
2021-11-29 10:42:00,956  INFO [main] LoginPage:62 - Username entered
2021-11-29 10:42:02,050  INFO [main] LoginPage:65 - Password entered
2021-11-29 10:42:04,723  INFO [main] LoginPage:68 - Login button clicked
2021-11-29 10:42:04,768  INFO [main] LoginPage:76 - Login Successful
2021-11-29 10:42:15,169  INFO [main] LoginPage:59 - Accept button clicked
2021-11-29 10:42:16,313  INFO [main] LoginPage:62 - Username entered
2021-11-29 10:42:17,403  INFO [main] LoginPage:65 - Password entered
2021-11-29 10:42:20,428  INFO [main] LoginPage:68 - Login button clicked
2021-11-29 10:42:20,443  INFO [main] LoginPage:76 - Login Successful
2021-11-29 10:42:30,440  INFO [main] UserPage:382 - Reset Button is working fine
2021-11-29 10:42:30,983  INFO [main] UserPage:398 - Record With Values [ tmaker2 , KKBK0001759 , testname ,  ] Not Found For Approve Operation
2021-11-29 10:42:36,358  INFO [main] Hooks:38 - ****LAUNCH BROWSER****
2021-11-29 10:42:36,359  INFO [main] Hooks:39 - ------------------------------------------------------------
2021-11-29 10:42:36,360  INFO [main] Hooks:40 - To View the User
2021-11-29 10:42:36,360  INFO [main] Hooks:41 - ------------------------------------------------------------
2021-11-29 10:42:41,944  INFO [main] LoginPage:59 - Accept button clicked
2021-11-29 10:42:43,101  INFO [main] LoginPage:62 - Username entered
2021-11-29 10:42:44,199  INFO [main] LoginPage:65 - Password entered
2021-11-29 10:42:47,224  INFO [main] LoginPage:68 - Login button clicked
2021-11-29 10:42:47,248  INFO [main] LoginPage:76 - Login Successful
2021-11-29 10:42:55,757  INFO [main] UserPage:728 - Reset Button is working fine
2021-11-29 10:42:57,429  INFO [main] UserPage:746 - Record With Values [ tmaker2 , KKBK0001759 , testname ,  ] Not Found For List Operation
2021-11-29 10:44:24,315  INFO [main] Hooks:38 - ****LAUNCH BROWSER****
2021-11-29 10:44:24,319  INFO [main] Hooks:39 - ------------------------------------------------------------
2021-11-29 10:44:24,319  INFO [main] Hooks:40 - To Approve the User
2021-11-29 10:44:24,319  INFO [main] Hooks:41 - ------------------------------------------------------------
2021-11-29 10:44:30,526  INFO [main] LoginPage:59 - Accept button clicked
2021-11-29 10:44:31,688  INFO [main] LoginPage:62 - Username entered
2021-11-29 10:44:32,786  INFO [main] LoginPage:65 - Password entered
2021-11-29 10:44:35,473  INFO [main] LoginPage:68 - Login button clicked
2021-11-29 10:44:35,498  INFO [main] LoginPage:76 - Login Successful
2021-11-29 10:44:45,747  INFO [main] LoginPage:59 - Accept button clicked
2021-11-29 10:44:46,877  INFO [main] LoginPage:62 - Username entered
2021-11-29 10:44:47,960  INFO [main] LoginPage:65 - Password entered
2021-11-29 10:44:50,803  INFO [main] LoginPage:68 - Login button clicked
2021-11-29 10:44:50,830  INFO [main] LoginPage:76 - Login Successful
2021-11-29 10:45:00,838  INFO [main] UserPage:382 - Reset Button is working fine
2021-11-29 10:45:08,338  INFO [main] Hooks:38 - ****LAUNCH BROWSER****
2021-11-29 10:45:08,339  INFO [main] Hooks:39 - ------------------------------------------------------------
2021-11-29 10:45:08,339  INFO [main] Hooks:40 - To View the User
2021-11-29 10:45:08,339  INFO [main] Hooks:41 - ------------------------------------------------------------
2021-11-29 10:45:13,177  INFO [main] LoginPage:59 - Accept button clicked
2021-11-29 10:45:14,314  INFO [main] LoginPage:62 - Username entered
2021-11-29 10:45:15,404  INFO [main] LoginPage:65 - Password entered
2021-11-29 10:45:17,262  INFO [main] LoginPage:68 - Login button clicked
2021-11-29 10:45:17,281  INFO [main] LoginPage:76 - Login Successful
2021-11-29 10:45:25,916  INFO [main] UserPage:728 - Reset Button is working fine
2021-11-29 10:45:30,672  INFO [main] UserPage:759 - Record With tmaker2 Is Displayed In List With Status ACTIVE
2021-11-30 18:18:14,520  INFO [main] Hooks:38 - ****LAUNCH BROWSER****
2021-11-30 18:18:14,524  INFO [main] Hooks:39 - ------------------------------------------------------------
2021-11-30 18:18:14,525  INFO [main] Hooks:40 - To Create Group
2021-11-30 18:18:14,526  INFO [main] Hooks:41 - ------------------------------------------------------------
2021-11-30 18:20:58,222  INFO [main] Hooks:38 - ****LAUNCH BROWSER****
2021-11-30 18:20:58,226  INFO [main] Hooks:39 - ------------------------------------------------------------
2021-11-30 18:20:58,226  INFO [main] Hooks:40 - To Create Group
2021-11-30 18:20:58,226  INFO [main] Hooks:41 - ------------------------------------------------------------
2021-11-30 18:22:00,113  INFO [main] Hooks:38 - ****LAUNCH BROWSER****
2021-11-30 18:22:00,113  INFO [main] Hooks:39 - ------------------------------------------------------------
2021-11-30 18:22:00,114  INFO [main] Hooks:40 - To Approve the Group
2021-11-30 18:22:00,114  INFO [main] Hooks:41 - ------------------------------------------------------------
2021-11-30 18:22:28,444  INFO [main] Hooks:38 - ****LAUNCH BROWSER****
2021-11-30 18:22:28,447  INFO [main] Hooks:39 - ------------------------------------------------------------
2021-11-30 18:22:28,448  INFO [main] Hooks:40 - To Create Group
2021-11-30 18:22:28,448  INFO [main] Hooks:41 - ------------------------------------------------------------
2021-11-30 18:23:30,232  INFO [main] Hooks:38 - ****LAUNCH BROWSER****
2021-11-30 18:23:30,232  INFO [main] Hooks:39 - ------------------------------------------------------------
2021-11-30 18:23:30,232  INFO [main] Hooks:40 - To Approve the Group
2021-11-30 18:23:30,232  INFO [main] Hooks:41 - ------------------------------------------------------------
2021-11-30 18:24:19,222  INFO [main] Hooks:38 - ****LAUNCH BROWSER****
2021-11-30 18:24:19,223  INFO [main] Hooks:39 - ------------------------------------------------------------
2021-11-30 18:24:19,223  INFO [main] Hooks:40 - To View the Group
2021-11-30 18:24:19,223  INFO [main] Hooks:41 - ------------------------------------------------------------
2021-11-30 18:25:08,248  INFO [main] Hooks:38 - ****LAUNCH BROWSER****
2021-11-30 18:25:08,248  INFO [main] Hooks:39 - ------------------------------------------------------------
2021-11-30 18:25:08,249  INFO [main] Hooks:40 - To perform Modify/Repair action for Group
2021-11-30 18:25:08,249  INFO [main] Hooks:41 - ------------------------------------------------------------
2021-11-30 18:25:57,317  INFO [main] Hooks:38 - ****LAUNCH BROWSER****
2021-11-30 18:25:57,318  INFO [main] Hooks:39 - ------------------------------------------------------------
2021-11-30 18:25:57,318  INFO [main] Hooks:40 - To Approve the Group
2021-11-30 18:25:57,318  INFO [main] Hooks:41 - ------------------------------------------------------------
2021-11-30 18:26:46,326  INFO [main] Hooks:38 - ****LAUNCH BROWSER****
2021-11-30 18:26:46,327  INFO [main] Hooks:39 - ------------------------------------------------------------
2021-11-30 18:26:46,327  INFO [main] Hooks:40 - To View the Group
2021-11-30 18:26:46,327  INFO [main] Hooks:41 - ------------------------------------------------------------
2021-11-30 18:27:35,316  INFO [main] Hooks:38 - ****LAUNCH BROWSER****
2021-11-30 18:27:35,316  INFO [main] Hooks:39 - ------------------------------------------------------------
2021-11-30 18:27:35,317  INFO [main] Hooks:40 - To Remove Group
2021-11-30 18:27:35,317  INFO [main] Hooks:41 - ------------------------------------------------------------
2021-11-30 18:28:23,384  INFO [main] Hooks:38 - ****LAUNCH BROWSER****
2021-11-30 18:28:23,384  INFO [main] Hooks:39 - ------------------------------------------------------------
2021-11-30 18:28:23,384  INFO [main] Hooks:40 - To Approve the Group
2021-11-30 18:28:23,384  INFO [main] Hooks:41 - ------------------------------------------------------------
2021-11-30 18:29:07,897  INFO [main] Hooks:38 - ****LAUNCH BROWSER****
2021-11-30 18:29:07,897  INFO [main] Hooks:39 - ------------------------------------------------------------
2021-11-30 18:29:07,897  INFO [main] Hooks:40 - To View the Group
2021-11-30 18:29:07,897  INFO [main] Hooks:41 - ------------------------------------------------------------
2021-11-30 18:29:52,495  INFO [main] Hooks:38 - ****LAUNCH BROWSER****
2021-11-30 18:29:52,495  INFO [main] Hooks:39 - ------------------------------------------------------------
2021-11-30 18:29:52,496  INFO [main] Hooks:40 - To Block Group
2021-11-30 18:29:52,496  INFO [main] Hooks:41 - ------------------------------------------------------------
2021-11-30 18:30:37,010  INFO [main] Hooks:38 - ****LAUNCH BROWSER****
2021-11-30 18:30:37,011  INFO [main] Hooks:39 - ------------------------------------------------------------
2021-11-30 18:30:37,011  INFO [main] Hooks:40 - To Approve the Group
2021-11-30 18:30:37,011  INFO [main] Hooks:41 - ------------------------------------------------------------
2021-11-30 18:31:21,516  INFO [main] Hooks:38 - ****LAUNCH BROWSER****
2021-11-30 18:31:21,517  INFO [main] Hooks:39 - ------------------------------------------------------------
2021-11-30 18:31:21,517  INFO [main] Hooks:40 - To View the Group
2021-11-30 18:31:21,517  INFO [main] Hooks:41 - ------------------------------------------------------------
2021-11-30 18:32:06,027  INFO [main] Hooks:38 - ****LAUNCH BROWSER****
2021-11-30 18:32:06,027  INFO [main] Hooks:39 - ------------------------------------------------------------
2021-11-30 18:32:06,028  INFO [main] Hooks:40 - To Unblock Group
2021-11-30 18:32:06,028  INFO [main] Hooks:41 - ------------------------------------------------------------
2021-11-30 18:32:50,539  INFO [main] Hooks:38 - ****LAUNCH BROWSER****
2021-11-30 18:32:50,540  INFO [main] Hooks:39 - ------------------------------------------------------------
2021-11-30 18:32:50,540  INFO [main] Hooks:40 - To Approve the Group
2021-11-30 18:32:50,540  INFO [main] Hooks:41 - ------------------------------------------------------------
2021-11-30 18:33:35,047  INFO [main] Hooks:38 - ****LAUNCH BROWSER****
2021-11-30 18:33:35,047  INFO [main] Hooks:39 - ------------------------------------------------------------
2021-11-30 18:33:35,047  INFO [main] Hooks:40 - To View the Group
2021-11-30 18:33:35,047  INFO [main] Hooks:41 - ------------------------------------------------------------
